     1 00000000                                 [FORMAT "WCOFF"]
     2 00000000                                 [INSTRSET "i486p"]
     3 00000000                                 [OPTIMIZE 1]
     4 00000000                                 [OPTION 1]
     5 00000000                                 [BITS 32]
     6 00000000                                 	EXTERN	_load_gdtr
     7 00000000                                 	EXTERN	_load_idtr
     8 00000000                                 	EXTERN	_asm_inthandler0c
     9 00000000                                 	EXTERN	_asm_inthandler0d
    10 00000000                                 	EXTERN	_asm_inthandler20
    11 00000000                                 	EXTERN	_asm_inthandler21
    12 00000000                                 	EXTERN	_asm_inthandler27
    13 00000000                                 	EXTERN	_asm_inthandler2c
    14 00000000                                 	EXTERN	_asm_hrb_api
    15 00000000                                 [FILE "dsctbl.c"]
    16                                          [SECTION .text]
    17 00000000                                 	GLOBAL	_init_gdtidt
    18 00000000                                 _init_gdtidt:
    19 00000000 55                              	PUSH	EBP
    20 00000001 89 E5                           	MOV	EBP,ESP
    21 00000003 56                              	PUSH	ESI
    22 00000004 53                              	PUSH	EBX
    23 00000005 BE 00270000                     	MOV	ESI,2555904
    24 0000000A BB 00001FFF                     	MOV	EBX,8191
    25 0000000F                                 L6:
    26 0000000F 6A 00                           	PUSH	0
    27 00000011 6A 00                           	PUSH	0
    28 00000013 6A 00                           	PUSH	0
    29 00000015 56                              	PUSH	ESI
    30 00000016 83 C6 08                        	ADD	ESI,8
    31 00000019 E8 0000011E                     	CALL	_set_segmdesc
    32 0000001E 83 C4 10                        	ADD	ESP,16
    33 00000021 4B                              	DEC	EBX
    34 00000022 79 EB                           	JNS	L6
    35 00000024 68 00004092                     	PUSH	16530
    36 00000029 BE 0026F800                     	MOV	ESI,2553856
    37 0000002E 6A 00                           	PUSH	0
    38 00000030 BB 000000FF                     	MOV	EBX,255
    39 00000035 6A FF                           	PUSH	-1
    40 00000037 68 00270008                     	PUSH	2555912
    41 0000003C E8 000000FB                     	CALL	_set_segmdesc
    42 00000041 68 0000409A                     	PUSH	16538
    43 00000046 68 00280000                     	PUSH	2621440
    44 0000004B 68 0007FFFF                     	PUSH	524287
    45 00000050 68 00270010                     	PUSH	2555920
    46 00000055 E8 000000E2                     	CALL	_set_segmdesc
    47 0000005A 83 C4 20                        	ADD	ESP,32
    48 0000005D 68 00270000                     	PUSH	2555904
    49 00000062 68 0000FFFF                     	PUSH	65535
    50 00000067 E8 [00000000]                   	CALL	_load_gdtr
    51 0000006C 58                              	POP	EAX
    52 0000006D 5A                              	POP	EDX
    53 0000006E                                 L11:
    54 0000006E 6A 00                           	PUSH	0
    55 00000070 6A 00                           	PUSH	0
    56 00000072 6A 00                           	PUSH	0
    57 00000074 56                              	PUSH	ESI
    58 00000075 83 C6 08                        	ADD	ESI,8
    59 00000078 E8 00000109                     	CALL	_set_gatedesc
    60 0000007D 83 C4 10                        	ADD	ESP,16
    61 00000080 4B                              	DEC	EBX
    62 00000081 79 EB                           	JNS	L11
    63 00000083 68 0026F800                     	PUSH	2553856
    64 00000088 68 000007FF                     	PUSH	2047
    65 0000008D E8 [00000000]                   	CALL	_load_idtr
    66 00000092 68 0000008E                     	PUSH	142
    67 00000097 6A 10                           	PUSH	16
    68 00000099 68 [00000000]                   	PUSH	_asm_inthandler0c
    69 0000009E 68 0026F860                     	PUSH	2553952
    70 000000A3 E8 000000DE                     	CALL	_set_gatedesc
    71 000000A8 68 0000008E                     	PUSH	142
    72 000000AD 6A 10                           	PUSH	16
    73 000000AF 68 [00000000]                   	PUSH	_asm_inthandler0d
    74 000000B4 68 0026F868                     	PUSH	2553960
    75 000000B9 E8 000000C8                     	CALL	_set_gatedesc
    76 000000BE 83 C4 28                        	ADD	ESP,40
    77 000000C1 68 0000008E                     	PUSH	142
    78 000000C6 6A 10                           	PUSH	16
    79 000000C8 68 [00000000]                   	PUSH	_asm_inthandler20
    80 000000CD 68 0026F900                     	PUSH	2554112
    81 000000D2 E8 000000AF                     	CALL	_set_gatedesc
    82 000000D7 68 0000008E                     	PUSH	142
    83 000000DC 6A 10                           	PUSH	16
    84 000000DE 68 [00000000]                   	PUSH	_asm_inthandler21
    85 000000E3 68 0026F908                     	PUSH	2554120
    86 000000E8 E8 00000099                     	CALL	_set_gatedesc
    87 000000ED 83 C4 20                        	ADD	ESP,32
    88 000000F0 68 0000008E                     	PUSH	142
    89 000000F5 6A 10                           	PUSH	16
    90 000000F7 68 [00000000]                   	PUSH	_asm_inthandler27
    91 000000FC 68 0026F938                     	PUSH	2554168
    92 00000101 E8 00000080                     	CALL	_set_gatedesc
    93 00000106 68 0000008E                     	PUSH	142
    94 0000010B 6A 10                           	PUSH	16
    95 0000010D 68 [00000000]                   	PUSH	_asm_inthandler2c
    96 00000112 68 0026F960                     	PUSH	2554208
    97 00000117 E8 0000006A                     	CALL	_set_gatedesc
    98 0000011C 83 C4 20                        	ADD	ESP,32
    99 0000011F 68 000000EE                     	PUSH	238
   100 00000124 6A 10                           	PUSH	16
   101 00000126 68 [00000000]                   	PUSH	_asm_hrb_api
   102 0000012B 68 0026FA00                     	PUSH	2554368
   103 00000130 E8 00000051                     	CALL	_set_gatedesc
   104 00000135 8D 65 F8                        	LEA	ESP,DWORD [-8+EBP]
   105 00000138 5B                              	POP	EBX
   106 00000139 5E                              	POP	ESI
   107 0000013A 5D                              	POP	EBP
   108 0000013B C3                              	RET
   109 0000013C                                 	GLOBAL	_set_segmdesc
   110 0000013C                                 _set_segmdesc:
   111 0000013C 55                              	PUSH	EBP
   112 0000013D 89 E5                           	MOV	EBP,ESP
   113 0000013F 53                              	PUSH	EBX
   114 00000140 8B 55 0C                        	MOV	EDX,DWORD [12+EBP]
   115 00000143 8B 4D 10                        	MOV	ECX,DWORD [16+EBP]
   116 00000146 8B 5D 08                        	MOV	EBX,DWORD [8+EBP]
   117 00000149 8B 45 14                        	MOV	EAX,DWORD [20+EBP]
   118 0000014C 81 FA 000FFFFF                  	CMP	EDX,1048575
   119 00000152 76 08                           	JBE	L17
   120 00000154 C1 EA 0C                        	SHR	EDX,12
   121 00000157 0D 00008000                     	OR	EAX,32768
   122 0000015C                                 L17:
   123 0000015C 66 89 13                        	MOV	WORD [EBX],DX
   124 0000015F 88 43 05                        	MOV	BYTE [5+EBX],AL
   125 00000162 C1 EA 10                        	SHR	EDX,16
   126 00000165 C1 F8 08                        	SAR	EAX,8
   127 00000168 83 E2 0F                        	AND	EDX,15
   128 0000016B 66 89 4B 02                     	MOV	WORD [2+EBX],CX
   129 0000016F 83 E0 F0                        	AND	EAX,-16
   130 00000172 C1 F9 10                        	SAR	ECX,16
   131 00000175 09 C2                           	OR	EDX,EAX
   132 00000177 88 4B 04                        	MOV	BYTE [4+EBX],CL
   133 0000017A 88 53 06                        	MOV	BYTE [6+EBX],DL
   134 0000017D C1 F9 08                        	SAR	ECX,8
   135 00000180 88 4B 07                        	MOV	BYTE [7+EBX],CL
   136 00000183 5B                              	POP	EBX
   137 00000184 5D                              	POP	EBP
   138 00000185 C3                              	RET
   139 00000186                                 	GLOBAL	_set_gatedesc
   140 00000186                                 _set_gatedesc:
   141 00000186 55                              	PUSH	EBP
   142 00000187 89 E5                           	MOV	EBP,ESP
   143 00000189 53                              	PUSH	EBX
   144 0000018A 8B 55 08                        	MOV	EDX,DWORD [8+EBP]
   145 0000018D 8B 45 10                        	MOV	EAX,DWORD [16+EBP]
   146 00000190 8B 5D 14                        	MOV	EBX,DWORD [20+EBP]
   147 00000193 8B 4D 0C                        	MOV	ECX,DWORD [12+EBP]
   148 00000196 66 89 42 02                     	MOV	WORD [2+EDX],AX
   149 0000019A 88 5A 05                        	MOV	BYTE [5+EDX],BL
   150 0000019D 66 89 0A                        	MOV	WORD [EDX],CX
   151 000001A0 89 D8                           	MOV	EAX,EBX
   152 000001A2 C1 F8 08                        	SAR	EAX,8
   153 000001A5 C1 F9 10                        	SAR	ECX,16
   154 000001A8 88 42 04                        	MOV	BYTE [4+EDX],AL
   155 000001AB 66 89 4A 06                     	MOV	WORD [6+EDX],CX
   156 000001AF 5B                              	POP	EBX
   157 000001B0 5D                              	POP	EBP
   158 000001B1 C3                              	RET
