     1 00000000                                 [FORMAT "WCOFF"]
     2 00000000                                 [INSTRSET "i486p"]
     3 00000000                                 [OPTIMIZE 1]
     4 00000000                                 [OPTION 1]
     5 00000000                                 [BITS 32]
     6 00000000                                 	EXTERN	_table_rgb
     7 00000000                                 	EXTERN	_table_rgb_osakkie
     8 00000000                                 	EXTERN	_io_load_eflags
     9 00000000                                 	EXTERN	_io_cli
    10 00000000                                 	EXTERN	_io_out8
    11 00000000                                 	EXTERN	_io_store_eflags
    12 00000000                                 	EXTERN	_task_now
    13 00000000                                 	EXTERN	_hankaku
    14 00000000                                 	EXTERN	_minifnt
    15 00000000                                 [FILE "graphic.c"]
    16                                          [SECTION .data]
    17 00000000                                 _table_rgb:
    18 00000000 00                              	DB	0
    19 00000001 00                              	DB	0
    20 00000002 00                              	DB	0
    21 00000003 FF                              	DB	-1
    22 00000004 00                              	DB	0
    23 00000005 00                              	DB	0
    24 00000006 00                              	DB	0
    25 00000007 FF                              	DB	-1
    26 00000008 00                              	DB	0
    27 00000009 FF                              	DB	-1
    28 0000000A FF                              	DB	-1
    29 0000000B 00                              	DB	0
    30 0000000C 00                              	DB	0
    31 0000000D 00                              	DB	0
    32 0000000E FF                              	DB	-1
    33 0000000F FF                              	DB	-1
    34 00000010 00                              	DB	0
    35 00000011 FF                              	DB	-1
    36 00000012 00                              	DB	0
    37 00000013 FF                              	DB	-1
    38 00000014 FF                              	DB	-1
    39 00000015 FF                              	DB	-1
    40 00000016 FF                              	DB	-1
    41 00000017 FF                              	DB	-1
    42 00000018 C6                              	DB	-58
    43 00000019 C6                              	DB	-58
    44 0000001A C6                              	DB	-58
    45 0000001B 84                              	DB	-124
    46 0000001C 00                              	DB	0
    47 0000001D 00                              	DB	0
    48 0000001E 00                              	DB	0
    49 0000001F 84                              	DB	-124
    50 00000020 00                              	DB	0
    51 00000021 84                              	DB	-124
    52 00000022 84                              	DB	-124
    53 00000023 00                              	DB	0
    54 00000024 00                              	DB	0
    55 00000025 00                              	DB	0
    56 00000026 84                              	DB	-124
    57 00000027 84                              	DB	-124
    58 00000028 00                              	DB	0
    59 00000029 84                              	DB	-124
    60 0000002A 00                              	DB	0
    61 0000002B 84                              	DB	-124
    62 0000002C 84                              	DB	-124
    63 0000002D 84                              	DB	-124
    64 0000002E 84                              	DB	-124
    65 0000002F 84                              	DB	-124
    66 00000030                                 _table_rgb_osakkie:
    67 00000030 3A                              	DB	58
    68 00000031 6E                              	DB	110
    69 00000032 A5                              	DB	-91
    70 00000033 00                              	DB	0
    71 00000034 80                              	DB	-128
    72 00000035 FF                              	DB	-1
    73                                          [SECTION .text]
    74 00000000                                 	GLOBAL	_init_palette
    75 00000000                                 _init_palette:
    76 00000000 55                              	PUSH	EBP
    77 00000001 89 E5                           	MOV	EBP,ESP
    78 00000003 57                              	PUSH	EDI
    79 00000004 56                              	PUSH	ESI
    80 00000005 53                              	PUSH	EBX
    81 00000006 81 EC 000002A4                  	SUB	ESP,676
    82 0000000C E8 0000016F                     	CALL	_get_bpp
    83 00000011 83 F8 08                        	CMP	EAX,8
    84 00000014 74 08                           	JE	L24
    85 00000016                                 L1:
    86 00000016 8D 65 F4                        	LEA	ESP,DWORD [-12+EBP]
    87 00000019 5B                              	POP	EBX
    88 0000001A 5E                              	POP	ESI
    89 0000001B 5F                              	POP	EDI
    90 0000001C 5D                              	POP	EBP
    91 0000001D C3                              	RET
    92 0000001E                                 L24:
    93 0000001E C7 85 FFFFFD60 00000000         	MOV	DWORD [-672+EBP],0
    94 00000028 C7 85 FFFFFD5C 00000000         	MOV	DWORD [-676+EBP],0
    95 00000032 C7 85 FFFFFD58 00000000         	MOV	DWORD [-680+EBP],0
    96 0000003C                                 L17:
    97 0000003C 31 FF                           	XOR	EDI,EDI
    98 0000003E 31 F6                           	XOR	ESI,ESI
    99 00000040 31 DB                           	XOR	EBX,EBX
   100 00000042                                 L16:
   101 00000042 31 D2                           	XOR	EDX,EDX
   102 00000044 C7 85 FFFFFD50 00000000         	MOV	DWORD [-688+EBP],0
   103 0000004E                                 L15:
   104 0000004E 8B 85 FFFFFD58                  	MOV	EAX,DWORD [-680+EBP]
   105 00000054 8A 8D FFFFFD50                  	MOV	CL,BYTE [-688+EBP]
   106 0000005A 01 D8                           	ADD	EAX,EBX
   107 0000005C 89 85 FFFFFD54                  	MOV	DWORD [-684+EBP],EAX
   108 00000062 01 D0                           	ADD	EAX,EDX
   109 00000064 6B C0 03                        	IMUL	EAX,EAX,3
   110 00000067 42                              	INC	EDX
   111 00000068 88 8C 05 FFFFFD64               	MOV	BYTE [-668+EBP+EAX*1],CL
   112 0000006F 89 F1                           	MOV	ECX,ESI
   113 00000071 88 8C 05 FFFFFD65               	MOV	BYTE [-667+EBP+EAX*1],CL
   114 00000078 8A 8D FFFFFD5C                  	MOV	CL,BYTE [-676+EBP]
   115 0000007E 88 8C 05 FFFFFD66               	MOV	BYTE [-666+EBP+EAX*1],CL
   116 00000085 83 85 FFFFFD50 33               	ADD	DWORD [-688+EBP],51
   117 0000008C 83 FA 05                        	CMP	EDX,5
   118 0000008F 7E BD                           	JLE	L15
   119 00000091 47                              	INC	EDI
   120 00000092 83 C6 33                        	ADD	ESI,51
   121 00000095 83 C3 06                        	ADD	EBX,6
   122 00000098 83 FF 05                        	CMP	EDI,5
   123 0000009B 7E A5                           	JLE	L16
   124 0000009D FF 85 FFFFFD60                  	INC	DWORD [-672+EBP]
   125 000000A3 83 85 FFFFFD5C 33               	ADD	DWORD [-676+EBP],51
   126 000000AA 83 85 FFFFFD58 24               	ADD	DWORD [-680+EBP],36
   127 000000B1 83 BD FFFFFD60 05               	CMP	DWORD [-672+EBP],5
   128 000000B8 0F 8E FFFFFF7E                  	JLE	L17
   129 000000BE 68 [00000000]                   	PUSH	_table_rgb
   130 000000C3 6A 0F                           	PUSH	15
   131 000000C5 6A 00                           	PUSH	0
   132 000000C7 E8 0000002C                     	CALL	_set_palette
   133 000000CC 8D 85 FFFFFD64                  	LEA	EAX,DWORD [-668+EBP]
   134 000000D2 50                              	PUSH	EAX
   135 000000D3 68 000000E7                     	PUSH	231
   136 000000D8 6A 10                           	PUSH	16
   137 000000DA E8 00000019                     	CALL	_set_palette
   138 000000DF 68 [00000030]                   	PUSH	_table_rgb_osakkie
   139 000000E4 68 000000F1                     	PUSH	241
   140 000000E9 68 000000F0                     	PUSH	240
   141 000000EE E8 00000005                     	CALL	_set_palette
   142 000000F3 E9 FFFFFF1E                     	JMP	L1
   143 000000F8                                 	GLOBAL	_set_palette
   144 000000F8                                 _set_palette:
   145 000000F8 55                              	PUSH	EBP
   146 000000F9 89 E5                           	MOV	EBP,ESP
   147 000000FB 57                              	PUSH	EDI
   148 000000FC 56                              	PUSH	ESI
   149 000000FD 53                              	PUSH	EBX
   150 000000FE 51                              	PUSH	ECX
   151 000000FF 8B 5D 08                        	MOV	EBX,DWORD [8+EBP]
   152 00000102 8B 7D 0C                        	MOV	EDI,DWORD [12+EBP]
   153 00000105 8B 75 10                        	MOV	ESI,DWORD [16+EBP]
   154 00000108 E8 [00000000]                   	CALL	_io_load_eflags
   155 0000010D 89 45 F0                        	MOV	DWORD [-16+EBP],EAX
   156 00000110 E8 [00000000]                   	CALL	_io_cli
   157 00000115 53                              	PUSH	EBX
   158 00000116 68 000003C8                     	PUSH	968
   159 0000011B E8 [00000000]                   	CALL	_io_out8
   160 00000120 39 FB                           	CMP	EBX,EDI
   161 00000122 58                              	POP	EAX
   162 00000123 5A                              	POP	EDX
   163 00000124 7E 12                           	JLE	L30
   164 00000126                                 L32:
   165 00000126 8B 45 F0                        	MOV	EAX,DWORD [-16+EBP]
   166 00000129 89 45 08                        	MOV	DWORD [8+EBP],EAX
   167 0000012C 8D 65 F4                        	LEA	ESP,DWORD [-12+EBP]
   168 0000012F 5B                              	POP	EBX
   169 00000130 5E                              	POP	ESI
   170 00000131 5F                              	POP	EDI
   171 00000132 5D                              	POP	EBP
   172 00000133 E9 [00000000]                   	JMP	_io_store_eflags
   173 00000138                                 L30:
   174 00000138 8A 06                           	MOV	AL,BYTE [ESI]
   175 0000013A 43                              	INC	EBX
   176 0000013B C0 E8 02                        	SHR	AL,2
   177 0000013E 0F B6 C0                        	MOVZX	EAX,AL
   178 00000141 50                              	PUSH	EAX
   179 00000142 68 000003C9                     	PUSH	969
   180 00000147 E8 [00000000]                   	CALL	_io_out8
   181 0000014C 8A 46 01                        	MOV	AL,BYTE [1+ESI]
   182 0000014F C0 E8 02                        	SHR	AL,2
   183 00000152 0F B6 C0                        	MOVZX	EAX,AL
   184 00000155 50                              	PUSH	EAX
   185 00000156 68 000003C9                     	PUSH	969
   186 0000015B E8 [00000000]                   	CALL	_io_out8
   187 00000160 8A 46 02                        	MOV	AL,BYTE [2+ESI]
   188 00000163 C0 E8 02                        	SHR	AL,2
   189 00000166 83 C6 03                        	ADD	ESI,3
   190 00000169 0F B6 C0                        	MOVZX	EAX,AL
   191 0000016C 50                              	PUSH	EAX
   192 0000016D 68 000003C9                     	PUSH	969
   193 00000172 E8 [00000000]                   	CALL	_io_out8
   194 00000177 83 C4 18                        	ADD	ESP,24
   195 0000017A 39 FB                           	CMP	EBX,EDI
   196 0000017C 7E BA                           	JLE	L30
   197 0000017E EB A6                           	JMP	L32
   198 00000180                                 	GLOBAL	_get_bpp
   199 00000180                                 _get_bpp:
   200 00000180 55                              	PUSH	EBP
   201 00000181 0F BE 05 00000FF2               	MOVSX	EAX,BYTE [4082]
   202 00000188 89 E5                           	MOV	EBP,ESP
   203 0000018A 5D                              	POP	EBP
   204 0000018B C3                              	RET
   205                                          [SECTION .data]
   206 00000036                                 _pallet.0:
   207 00000036 00000000                        	DD	0
   208 0000003A 00FF0000                        	DD	16711680
   209 0000003E 0000FF00                        	DD	65280
   210 00000042 00FFFF00                        	DD	16776960
   211 00000046 000000FF                        	DD	255
   212 0000004A 00FF00FF                        	DD	16711935
   213 0000004E 0000FFFF                        	DD	65535
   214 00000052 00FFFFFF                        	DD	16777215
   215 00000056 00C6C6C6                        	DD	13027014
   216 0000005A 00840000                        	DD	8650752
   217 0000005E 00008400                        	DD	33792
   218 00000062 00848400                        	DD	8684544
   219 00000066 00000084                        	DD	132
   220 0000006A 00840084                        	DD	8650884
   221 0000006E 00008484                        	DD	33924
   222 00000072 00848484                        	DD	8684676
   223                                          [SECTION .text]
   224 0000018C                                 	GLOBAL	_get_color
   225 0000018C                                 _get_color:
   226 0000018C 55                              	PUSH	EBP
   227 0000018D 31 C9                           	XOR	ECX,ECX
   228 0000018F 89 E5                           	MOV	EBP,ESP
   229 00000191 57                              	PUSH	EDI
   230 00000192 56                              	PUSH	ESI
   231 00000193 53                              	PUSH	EBX
   232 00000194 83 EC 10                        	SUB	ESP,16
   233 00000197 8B 45 08                        	MOV	EAX,DWORD [8+EBP]
   234 0000019A 8B 5D 0C                        	MOV	EBX,DWORD [12+EBP]
   235 0000019D 85 C0                           	TEST	EAX,EAX
   236 0000019F 75 07                           	JNE	L35
   237 000001A1 0F BE 05 00000FF2               	MOVSX	EAX,BYTE [4082]
   238 000001A8                                 L35:
   239 000001A8 83 F8 01                        	CMP	EAX,1
   240 000001AB 74 7B                           	JE	L91
   241 000001AD 83 F8 08                        	CMP	EAX,8
   242 000001B0 74 30                           	JE	L74
   243 000001B2 83 F8 10                        	CMP	EAX,16
   244 000001B5 74 0A                           	JE	L92
   245 000001B7                                 L59:
   246 000001B7 83 C4 10                        	ADD	ESP,16
   247 000001BA 89 C8                           	MOV	EAX,ECX
   248 000001BC 5B                              	POP	EBX
   249 000001BD 5E                              	POP	ESI
   250 000001BE 5F                              	POP	EDI
   251 000001BF 5D                              	POP	EBP
   252 000001C0 C3                              	RET
   253 000001C1                                 L92:
   254 000001C1 89 D9                           	MOV	ECX,EBX
   255 000001C3 89 D8                           	MOV	EAX,EBX
   256 000001C5 C1 F9 08                        	SAR	ECX,8
   257 000001C8 C1 E8 05                        	SHR	EAX,5
   258 000001CB 81 E1 0000F800                  	AND	ECX,63488
   259 000001D1 25 000007E0                     	AND	EAX,2016
   260 000001D6 09 C1                           	OR	ECX,EAX
   261 000001D8 0F B6 C3                        	MOVZX	EAX,BL
   262 000001DB C1 F8 03                        	SAR	EAX,3
   263 000001DE 09 C1                           	OR	ECX,EAX
   264 000001E0 EB D5                           	JMP	L59
   265 000001E2                                 L74:
   266 000001E2 3B 1C 8D [00000036]             	CMP	EBX,DWORD [_pallet.0+ECX*4]
   267 000001E9 74 CC                           	JE	L59
   268 000001EB 41                              	INC	ECX
   269 000001EC 83 F9 0F                        	CMP	ECX,15
   270 000001EF 7E F1                           	JLE	L74
   271 000001F1 B9 000000F0                     	MOV	ECX,240
   272 000001F6 81 FB 003A6EA5                  	CMP	EBX,3829413
   273 000001FC 74 B9                           	JE	L59
   274 000001FE B9 000000F1                     	MOV	ECX,241
   275 00000203 81 FB 000080FF                  	CMP	EBX,33023
   276 00000209 74 AC                           	JE	L59
   277 0000020B 89 DA                           	MOV	EDX,EBX
   278 0000020D B9 00000033                     	MOV	ECX,51
   279 00000212 0F B6 C7                        	MOVZX	EAX,BH
   280 00000215 C1 FA 10                        	SAR	EDX,16
   281 00000218 01 C2                           	ADD	EDX,EAX
   282 0000021A 0F B6 C3                        	MOVZX	EAX,BL
   283 0000021D 01 C2                           	ADD	EDX,EAX
   284 0000021F 89 D0                           	MOV	EAX,EDX
   285 00000221 99                              	CDQ
   286 00000222 F7 F9                           	IDIV	ECX
   287 00000224 89 C1                           	MOV	ECX,EAX
   288 00000226 EB 8F                           	JMP	L59
   289 00000228                                 L91:
   290 00000228 83 FB 0F                        	CMP	EBX,15
   291 0000022B 77 1B                           	JA	L37
   292 0000022D                                 L43:
   293 0000022D 39 CB                           	CMP	EBX,ECX
   294 0000022F 74 0B                           	JE	L89
   295 00000231 41                              	INC	ECX
   296 00000232 83 F9 0F                        	CMP	ECX,15
   297 00000235 7E F6                           	JLE	L43
   298 00000237 E9 FFFFFF7B                     	JMP	L59
   299 0000023C                                 L89:
   300 0000023C 8B 0C 8D [00000036]             	MOV	ECX,DWORD [_pallet.0+ECX*4]
   301 00000243 E9 FFFFFF6F                     	JMP	L59
   302 00000248                                 L37:
   303 00000248 8D 43 F0                        	LEA	EAX,DWORD [-16+EBX]
   304 0000024B 3D 000000D7                     	CMP	EAX,215
   305 00000250 77 5D                           	JA	L45
   306 00000252 C7 45 F0 00000000               	MOV	DWORD [-16+EBP],0
   307 00000259 C7 45 EC 00000000               	MOV	DWORD [-20+EBP],0
   308 00000260                                 L62:
   309 00000260 31 F6                           	XOR	ESI,ESI
   310 00000262 C7 45 E4 00000000               	MOV	DWORD [-28+EBP],0
   311 00000269                                 L61:
   312 00000269 31 D2                           	XOR	EDX,EDX
   313 0000026B                                 L60:
   314 0000026B 8B 45 E4                        	MOV	EAX,DWORD [-28+EBP]
   315 0000026E 8B 7D EC                        	MOV	EDI,DWORD [-20+EBP]
   316 00000271 01 D0                           	ADD	EAX,EDX
   317 00000273 8D 7C 07 10                     	LEA	EDI,DWORD [16+EDI+EAX*1]
   318 00000277 39 DF                           	CMP	EDI,EBX
   319 00000279 74 22                           	JE	L90
   320 0000027B 42                              	INC	EDX
   321 0000027C 83 FA 05                        	CMP	EDX,5
   322 0000027F 7E EA                           	JLE	L60
   323 00000281 46                              	INC	ESI
   324 00000282 83 45 E4 06                     	ADD	DWORD [-28+EBP],6
   325 00000286 83 FE 05                        	CMP	ESI,5
   326 00000289 7E DE                           	JLE	L61
   327 0000028B FF 45 F0                        	INC	DWORD [-16+EBP]
   328 0000028E 83 45 EC 24                     	ADD	DWORD [-20+EBP],36
   329 00000292 83 7D F0 05                     	CMP	DWORD [-16+EBP],5
   330 00000296 7E C8                           	JLE	L62
   331 00000298 E9 FFFFFF1A                     	JMP	L59
   332 0000029D                                 L90:
   333 0000029D C1 E6 08                        	SAL	ESI,8
   334 000002A0 89 D1                           	MOV	ECX,EDX
   335 000002A2 C1 E1 10                        	SAL	ECX,16
   336 000002A5 09 F1                           	OR	ECX,ESI
   337 000002A7 0B 4D F0                        	OR	ECX,DWORD [-16+EBP]
   338 000002AA E9 FFFFFF08                     	JMP	L59
   339 000002AF                                 L45:
   340 000002AF 81 FB 000000F0                  	CMP	EBX,240
   341 000002B5 74 16                           	JE	L93
   342 000002B7 81 FB 000000F1                  	CMP	EBX,241
   343 000002BD 0F 85 FFFFFEF4                  	JNE	L59
   344 000002C3 B9 000080FF                     	MOV	ECX,33023
   345 000002C8 E9 FFFFFEEA                     	JMP	L59
   346 000002CD                                 L93:
   347 000002CD B9 003A6EA5                     	MOV	ECX,3829413
   348 000002D2 E9 FFFFFEE0                     	JMP	L59
   349 000002D7                                 	GLOBAL	_boxfill
   350 000002D7                                 _boxfill:
   351 000002D7 55                              	PUSH	EBP
   352 000002D8 89 E5                           	MOV	EBP,ESP
   353 000002DA 57                              	PUSH	EDI
   354 000002DB 56                              	PUSH	ESI
   355 000002DC 53                              	PUSH	EBX
   356 000002DD 51                              	PUSH	ECX
   357 000002DE 51                              	PUSH	ECX
   358 000002DF 8B 75 18                        	MOV	ESI,DWORD [24+EBP]
   359 000002E2 E8 FFFFFE99                     	CALL	_get_bpp
   360 000002E7 FF 75 10                        	PUSH	DWORD [16+EBP]
   361 000002EA 50                              	PUSH	EAX
   362 000002EB 89 C3                           	MOV	EBX,EAX
   363 000002ED E8 FFFFFE9A                     	CALL	_get_color
   364 000002F2 83 FB 08                        	CMP	EBX,8
   365 000002F5 89 C7                           	MOV	EDI,EAX
   366 000002F7 58                              	POP	EAX
   367 000002F8 5A                              	POP	EDX
   368 000002F9 74 76                           	JE	L139
   369 000002FB 83 FB 10                        	CMP	EBX,16
   370 000002FE 74 41                           	JE	L140
   371 00000300 83 FB 18                        	CMP	EBX,24
   372 00000303 74 08                           	JE	L141
   373 00000305                                 L94:
   374 00000305 8D 65 F4                        	LEA	ESP,DWORD [-12+EBP]
   375 00000308 5B                              	POP	EBX
   376 00000309 5E                              	POP	ESI
   377 0000030A 5F                              	POP	EDI
   378 0000030B 5D                              	POP	EBP
   379 0000030C C3                              	RET
   380 0000030D                                 L141:
   381 0000030D 89 F1                           	MOV	ECX,ESI
   382 0000030F 3B 75 20                        	CMP	ESI,DWORD [32+EBP]
   383 00000312 7F F1                           	JG	L94
   384 00000314 8B 5D 0C                        	MOV	EBX,DWORD [12+EBP]
   385 00000317 0F AF DE                        	IMUL	EBX,ESI
   386 0000031A                                 L129:
   387 0000031A 8B 55 14                        	MOV	EDX,DWORD [20+EBP]
   388 0000031D 3B 55 1C                        	CMP	EDX,DWORD [28+EBP]
   389 00000320 7F 14                           	JG	L138
   390 00000322 8D 04 1A                        	LEA	EAX,DWORD [EDX+EBX*1]
   391 00000325 8B 75 08                        	MOV	ESI,DWORD [8+EBP]
   392 00000328 8D 04 86                        	LEA	EAX,DWORD [ESI+EAX*4]
   393 0000032B                                 L128:
   394 0000032B 89 38                           	MOV	DWORD [EAX],EDI
   395 0000032D 42                              	INC	EDX
   396 0000032E 83 C0 04                        	ADD	EAX,4
   397 00000331 3B 55 1C                        	CMP	EDX,DWORD [28+EBP]
   398 00000334 7E F5                           	JLE	L128
   399 00000336                                 L138:
   400 00000336 41                              	INC	ECX
   401 00000337 03 5D 0C                        	ADD	EBX,DWORD [12+EBP]
   402 0000033A 3B 4D 20                        	CMP	ECX,DWORD [32+EBP]
   403 0000033D 7E DB                           	JLE	L129
   404 0000033F EB C4                           	JMP	L94
   405 00000341                                 L140:
   406 00000341 89 F1                           	MOV	ECX,ESI
   407 00000343 3B 75 20                        	CMP	ESI,DWORD [32+EBP]
   408 00000346 7F BD                           	JG	L94
   409 00000348 8B 5D 0C                        	MOV	EBX,DWORD [12+EBP]
   410 0000034B 0F AF DE                        	IMUL	EBX,ESI
   411 0000034E                                 L117:
   412 0000034E 8B 55 14                        	MOV	EDX,DWORD [20+EBP]
   413 00000351 3B 55 1C                        	CMP	EDX,DWORD [28+EBP]
   414 00000354 7F 10                           	JG	L135
   415 00000356                                 L116:
   416 00000356 8D 04 1A                        	LEA	EAX,DWORD [EDX+EBX*1]
   417 00000359 8B 75 08                        	MOV	ESI,DWORD [8+EBP]
   418 0000035C 42                              	INC	EDX
   419 0000035D 66 89 3C 46                     	MOV	WORD [ESI+EAX*2],DI
   420 00000361 3B 55 1C                        	CMP	EDX,DWORD [28+EBP]
   421 00000364 7E F0                           	JLE	L116
   422 00000366                                 L135:
   423 00000366 41                              	INC	ECX
   424 00000367 03 5D 0C                        	ADD	EBX,DWORD [12+EBP]
   425 0000036A 3B 4D 20                        	CMP	ECX,DWORD [32+EBP]
   426 0000036D 7E DF                           	JLE	L117
   427 0000036F EB 94                           	JMP	L94
   428 00000371                                 L139:
   429 00000371 89 F1                           	MOV	ECX,ESI
   430 00000373 3B 75 20                        	CMP	ESI,DWORD [32+EBP]
   431 00000376 7F 8D                           	JG	L94
   432 00000378 8B 45 0C                        	MOV	EAX,DWORD [12+EBP]
   433 0000037B 0F AF C6                        	IMUL	EAX,ESI
   434 0000037E 89 45 EC                        	MOV	DWORD [-20+EBP],EAX
   435 00000381                                 L105:
   436 00000381 8B 55 14                        	MOV	EDX,DWORD [20+EBP]
   437 00000384 3B 55 1C                        	CMP	EDX,DWORD [28+EBP]
   438 00000387 7F 13                           	JG	L132
   439 00000389                                 L104:
   440 00000389 8B 5D EC                        	MOV	EBX,DWORD [-20+EBP]
   441 0000038C 8B 75 08                        	MOV	ESI,DWORD [8+EBP]
   442 0000038F 01 D3                           	ADD	EBX,EDX
   443 00000391 89 F8                           	MOV	EAX,EDI
   444 00000393 42                              	INC	EDX
   445 00000394 88 04 33                        	MOV	BYTE [EBX+ESI*1],AL
   446 00000397 3B 55 1C                        	CMP	EDX,DWORD [28+EBP]
   447 0000039A 7E ED                           	JLE	L104
   448 0000039C                                 L132:
   449 0000039C 8B 45 0C                        	MOV	EAX,DWORD [12+EBP]
   450 0000039F 41                              	INC	ECX
   451 000003A0 01 45 EC                        	ADD	DWORD [-20+EBP],EAX
   452 000003A3 3B 4D 20                        	CMP	ECX,DWORD [32+EBP]
   453 000003A6 7E D9                           	JLE	L105
   454 000003A8 E9 FFFFFF58                     	JMP	L94
   455 000003AD                                 	GLOBAL	_init_screen
   456 000003AD                                 _init_screen:
   457 000003AD 55                              	PUSH	EBP
   458 000003AE 89 E5                           	MOV	EBP,ESP
   459 000003B0 8B 45 0C                        	MOV	EAX,DWORD [12+EBP]
   460 000003B3 8B 55 10                        	MOV	EDX,DWORD [16+EBP]
   461 000003B6 4A                              	DEC	EDX
   462 000003B7 52                              	PUSH	EDX
   463 000003B8 8D 50 FF                        	LEA	EDX,DWORD [-1+EAX]
   464 000003BB 52                              	PUSH	EDX
   465 000003BC 6A 00                           	PUSH	0
   466 000003BE 6A 00                           	PUSH	0
   467 000003C0 68 003A6EA5                     	PUSH	3829413
   468 000003C5 50                              	PUSH	EAX
   469 000003C6 FF 75 08                        	PUSH	DWORD [8+EBP]
   470 000003C9 E8 FFFFFF09                     	CALL	_boxfill
   471 000003CE C9                              	LEAVE
   472 000003CF C3                              	RET
   473 000003D0                                 	GLOBAL	_putfont
   474 000003D0                                 _putfont:
   475 000003D0 55                              	PUSH	EBP
   476 000003D1 89 E5                           	MOV	EBP,ESP
   477 000003D3 57                              	PUSH	EDI
   478 000003D4 56                              	PUSH	ESI
   479 000003D5 53                              	PUSH	EBX
   480 000003D6 8B 7D 1C                        	MOV	EDI,DWORD [28+EBP]
   481 000003D9 E8 FFFFFDA2                     	CALL	_get_bpp
   482 000003DE FF 75 18                        	PUSH	DWORD [24+EBP]
   483 000003E1 50                              	PUSH	EAX
   484 000003E2 89 C3                           	MOV	EBX,EAX
   485 000003E4 E8 FFFFFDA3                     	CALL	_get_color
   486 000003E9 83 FB 08                        	CMP	EBX,8
   487 000003EC 89 C6                           	MOV	ESI,EAX
   488 000003EE 58                              	POP	EAX
   489 000003EF 5A                              	POP	EDX
   490 000003F0 0F 84 00000112                  	JE	L191
   491 000003F6 83 FB 10                        	CMP	EBX,16
   492 000003F9 0F 84 00000087                  	JE	L192
   493 000003FF 83 FB 18                        	CMP	EBX,24
   494 00000402 74 08                           	JE	L193
   495 00000404                                 L143:
   496 00000404 8D 65 F4                        	LEA	ESP,DWORD [-12+EBP]
   497 00000407 5B                              	POP	EBX
   498 00000408 5E                              	POP	ESI
   499 00000409 5F                              	POP	EDI
   500 0000040A 5D                              	POP	EBP
   501 0000040B C3                              	RET
   502 0000040C                                 L193:
   503 0000040C 31 DB                           	XOR	EBX,EBX
   504 0000040E                                 L187:
   505 0000040E 8B 45 14                        	MOV	EAX,DWORD [20+EBP]
   506 00000411 8B 55 08                        	MOV	EDX,DWORD [8+EBP]
   507 00000414 01 D8                           	ADD	EAX,EBX
   508 00000416 0F AF 45 0C                     	IMUL	EAX,DWORD [12+EBP]
   509 0000041A 03 45 10                        	ADD	EAX,DWORD [16+EBP]
   510 0000041D 8D 0C 82                        	LEA	ECX,DWORD [EDX+EAX*4]
   511 00000420 8A 14 3B                        	MOV	DL,BYTE [EBX+EDI*1]
   512 00000423 84 D2                           	TEST	DL,DL
   513 00000425 79 02                           	JNS	L179
   514 00000427 89 31                           	MOV	DWORD [ECX],ESI
   515 00000429                                 L179:
   516 00000429 88 D0                           	MOV	AL,DL
   517 0000042B 83 E0 40                        	AND	EAX,64
   518 0000042E 84 C0                           	TEST	AL,AL
   519 00000430 74 03                           	JE	L180
   520 00000432 89 71 04                        	MOV	DWORD [4+ECX],ESI
   521 00000435                                 L180:
   522 00000435 88 D0                           	MOV	AL,DL
   523 00000437 83 E0 20                        	AND	EAX,32
   524 0000043A 84 C0                           	TEST	AL,AL
   525 0000043C 74 03                           	JE	L181
   526 0000043E 89 71 08                        	MOV	DWORD [8+ECX],ESI
   527 00000441                                 L181:
   528 00000441 88 D0                           	MOV	AL,DL
   529 00000443 83 E0 10                        	AND	EAX,16
   530 00000446 84 C0                           	TEST	AL,AL
   531 00000448 74 03                           	JE	L182
   532 0000044A 89 71 0C                        	MOV	DWORD [12+ECX],ESI
   533 0000044D                                 L182:
   534 0000044D 88 D0                           	MOV	AL,DL
   535 0000044F 83 E0 08                        	AND	EAX,8
   536 00000452 84 C0                           	TEST	AL,AL
   537 00000454 74 03                           	JE	L183
   538 00000456 89 71 10                        	MOV	DWORD [16+ECX],ESI
   539 00000459                                 L183:
   540 00000459 88 D0                           	MOV	AL,DL
   541 0000045B 83 E0 04                        	AND	EAX,4
   542 0000045E 84 C0                           	TEST	AL,AL
   543 00000460 74 03                           	JE	L184
   544 00000462 89 71 14                        	MOV	DWORD [20+ECX],ESI
   545 00000465                                 L184:
   546 00000465 88 D0                           	MOV	AL,DL
   547 00000467 83 E0 02                        	AND	EAX,2
   548 0000046A 84 C0                           	TEST	AL,AL
   549 0000046C 74 03                           	JE	L185
   550 0000046E 89 71 18                        	MOV	DWORD [24+ECX],ESI
   551 00000471                                 L185:
   552 00000471 83 E2 01                        	AND	EDX,1
   553 00000474 84 D2                           	TEST	DL,DL
   554 00000476 74 03                           	JE	L177
   555 00000478 89 71 1C                        	MOV	DWORD [28+ECX],ESI
   556 0000047B                                 L177:
   557 0000047B 43                              	INC	EBX
   558 0000047C 83 FB 0F                        	CMP	EBX,15
   559 0000047F 7E 8D                           	JLE	L187
   560 00000481 E9 FFFFFF7E                     	JMP	L143
   561 00000486                                 L192:
   562 00000486 31 DB                           	XOR	EBX,EBX
   563 00000488                                 L172:
   564 00000488 8B 45 14                        	MOV	EAX,DWORD [20+EBP]
   565 0000048B 8B 55 08                        	MOV	EDX,DWORD [8+EBP]
   566 0000048E 01 D8                           	ADD	EAX,EBX
   567 00000490 0F AF 45 0C                     	IMUL	EAX,DWORD [12+EBP]
   568 00000494 03 45 10                        	ADD	EAX,DWORD [16+EBP]
   569 00000497 8D 0C 42                        	LEA	ECX,DWORD [EDX+EAX*2]
   570 0000049A 8A 14 3B                        	MOV	DL,BYTE [EBX+EDI*1]
   571 0000049D 84 D2                           	TEST	DL,DL
   572 0000049F 79 03                           	JNS	L164
   573 000004A1 66 89 31                        	MOV	WORD [ECX],SI
   574 000004A4                                 L164:
   575 000004A4 88 D0                           	MOV	AL,DL
   576 000004A6 83 E0 40                        	AND	EAX,64
   577 000004A9 84 C0                           	TEST	AL,AL
   578 000004AB 74 04                           	JE	L165
   579 000004AD 66 89 71 02                     	MOV	WORD [2+ECX],SI
   580 000004B1                                 L165:
   581 000004B1 88 D0                           	MOV	AL,DL
   582 000004B3 83 E0 20                        	AND	EAX,32
   583 000004B6 84 C0                           	TEST	AL,AL
   584 000004B8 74 04                           	JE	L166
   585 000004BA 66 89 71 04                     	MOV	WORD [4+ECX],SI
   586 000004BE                                 L166:
   587 000004BE 88 D0                           	MOV	AL,DL
   588 000004C0 83 E0 10                        	AND	EAX,16
   589 000004C3 84 C0                           	TEST	AL,AL
   590 000004C5 74 04                           	JE	L167
   591 000004C7 66 89 71 06                     	MOV	WORD [6+ECX],SI
   592 000004CB                                 L167:
   593 000004CB 88 D0                           	MOV	AL,DL
   594 000004CD 83 E0 08                        	AND	EAX,8
   595 000004D0 84 C0                           	TEST	AL,AL
   596 000004D2 74 04                           	JE	L168
   597 000004D4 66 89 71 08                     	MOV	WORD [8+ECX],SI
   598 000004D8                                 L168:
   599 000004D8 88 D0                           	MOV	AL,DL
   600 000004DA 83 E0 04                        	AND	EAX,4
   601 000004DD 84 C0                           	TEST	AL,AL
   602 000004DF 74 04                           	JE	L169
   603 000004E1 66 89 71 0A                     	MOV	WORD [10+ECX],SI
   604 000004E5                                 L169:
   605 000004E5 88 D0                           	MOV	AL,DL
   606 000004E7 83 E0 02                        	AND	EAX,2
   607 000004EA 84 C0                           	TEST	AL,AL
   608 000004EC 74 04                           	JE	L170
   609 000004EE 66 89 71 0C                     	MOV	WORD [12+ECX],SI
   610 000004F2                                 L170:
   611 000004F2 83 E2 01                        	AND	EDX,1
   612 000004F5 84 D2                           	TEST	DL,DL
   613 000004F7 74 04                           	JE	L162
   614 000004F9 66 89 71 0E                     	MOV	WORD [14+ECX],SI
   615 000004FD                                 L162:
   616 000004FD 43                              	INC	EBX
   617 000004FE 83 FB 0F                        	CMP	EBX,15
   618 00000501 7E 85                           	JLE	L172
   619 00000503 E9 FFFFFEFC                     	JMP	L143
   620 00000508                                 L191:
   621 00000508 31 DB                           	XOR	EBX,EBX
   622 0000050A                                 L157:
   623 0000050A 8B 45 14                        	MOV	EAX,DWORD [20+EBP]
   624 0000050D 8B 55 10                        	MOV	EDX,DWORD [16+EBP]
   625 00000510 01 D8                           	ADD	EAX,EBX
   626 00000512 0F AF 45 0C                     	IMUL	EAX,DWORD [12+EBP]
   627 00000516 03 45 08                        	ADD	EAX,DWORD [8+EBP]
   628 00000519 8D 0C 02                        	LEA	ECX,DWORD [EDX+EAX*1]
   629 0000051C 8A 14 3B                        	MOV	DL,BYTE [EBX+EDI*1]
   630 0000051F 84 D2                           	TEST	DL,DL
   631 00000521 79 04                           	JNS	L149
   632 00000523 89 F0                           	MOV	EAX,ESI
   633 00000525 88 01                           	MOV	BYTE [ECX],AL
   634 00000527                                 L149:
   635 00000527 88 D0                           	MOV	AL,DL
   636 00000529 83 E0 40                        	AND	EAX,64
   637 0000052C 84 C0                           	TEST	AL,AL
   638 0000052E 74 05                           	JE	L150
   639 00000530 89 F0                           	MOV	EAX,ESI
   640 00000532 88 41 01                        	MOV	BYTE [1+ECX],AL
   641 00000535                                 L150:
   642 00000535 88 D0                           	MOV	AL,DL
   643 00000537 83 E0 20                        	AND	EAX,32
   644 0000053A 84 C0                           	TEST	AL,AL
   645 0000053C 74 05                           	JE	L151
   646 0000053E 89 F0                           	MOV	EAX,ESI
   647 00000540 88 41 02                        	MOV	BYTE [2+ECX],AL
   648 00000543                                 L151:
   649 00000543 88 D0                           	MOV	AL,DL
   650 00000545 83 E0 10                        	AND	EAX,16
   651 00000548 84 C0                           	TEST	AL,AL
   652 0000054A 74 05                           	JE	L152
   653 0000054C 89 F0                           	MOV	EAX,ESI
   654 0000054E 88 41 03                        	MOV	BYTE [3+ECX],AL
   655 00000551                                 L152:
   656 00000551 88 D0                           	MOV	AL,DL
   657 00000553 83 E0 08                        	AND	EAX,8
   658 00000556 84 C0                           	TEST	AL,AL
   659 00000558 74 05                           	JE	L153
   660 0000055A 89 F0                           	MOV	EAX,ESI
   661 0000055C 88 41 04                        	MOV	BYTE [4+ECX],AL
   662 0000055F                                 L153:
   663 0000055F 88 D0                           	MOV	AL,DL
   664 00000561 83 E0 04                        	AND	EAX,4
   665 00000564 84 C0                           	TEST	AL,AL
   666 00000566 74 05                           	JE	L154
   667 00000568 89 F0                           	MOV	EAX,ESI
   668 0000056A 88 41 05                        	MOV	BYTE [5+ECX],AL
   669 0000056D                                 L154:
   670 0000056D 88 D0                           	MOV	AL,DL
   671 0000056F 83 E0 02                        	AND	EAX,2
   672 00000572 84 C0                           	TEST	AL,AL
   673 00000574 74 05                           	JE	L155
   674 00000576 89 F0                           	MOV	EAX,ESI
   675 00000578 88 41 06                        	MOV	BYTE [6+ECX],AL
   676 0000057B                                 L155:
   677 0000057B 83 E2 01                        	AND	EDX,1
   678 0000057E 84 D2                           	TEST	DL,DL
   679 00000580 74 05                           	JE	L147
   680 00000582 89 F2                           	MOV	EDX,ESI
   681 00000584 88 51 07                        	MOV	BYTE [7+ECX],DL
   682 00000587                                 L147:
   683 00000587 43                              	INC	EBX
   684 00000588 83 FB 0F                        	CMP	EBX,15
   685 0000058B 0F 8E FFFFFF79                  	JLE	L157
   686 00000591 E9 FFFFFE6E                     	JMP	L143
   687 00000596                                 	GLOBAL	_putfonts
   688 00000596                                 _putfonts:
   689 00000596 55                              	PUSH	EBP
   690 00000597 89 E5                           	MOV	EBP,ESP
   691 00000599 57                              	PUSH	EDI
   692 0000059A 56                              	PUSH	ESI
   693 0000059B 53                              	PUSH	EBX
   694 0000059C 51                              	PUSH	ECX
   695 0000059D 51                              	PUSH	ECX
   696 0000059E 8B 7D 10                        	MOV	EDI,DWORD [16+EBP]
   697 000005A1 8B 75 1C                        	MOV	ESI,DWORD [28+EBP]
   698 000005A4 E8 [00000000]                   	CALL	_task_now
   699 000005A9 89 45 F0                        	MOV	DWORD [-16+EBP],EAX
   700 000005AC A1 00000FE8                     	MOV	EAX,DWORD [4072]
   701 000005B1 8B 55 F0                        	MOV	EDX,DWORD [-16+EBP]
   702 000005B4 89 45 EC                        	MOV	DWORD [-20+EBP],EAX
   703 000005B7 80 BA 000000BD 00               	CMP	BYTE [189+EDX],0
   704 000005BE 75 09                           	JNE	L195
   705 000005C0 80 3E 00                        	CMP	BYTE [ESI],0
   706 000005C3 0F 85 000001CE                  	JNE	L200
   707 000005C9                                 L195:
   708 000005C9 8B 45 F0                        	MOV	EAX,DWORD [-16+EBP]
   709 000005CC 80 B8 000000BD 01               	CMP	BYTE [189+EAX],1
   710 000005D3 0F 84 000000C1                  	JE	L231
   711 000005D9                                 L201:
   712 000005D9 8B 45 F0                        	MOV	EAX,DWORD [-16+EBP]
   713 000005DC 80 B8 000000BD 02               	CMP	BYTE [189+EAX],2
   714 000005E3 74 08                           	JE	L232
   715 000005E5                                 L194:
   716 000005E5 8D 65 F4                        	LEA	ESP,DWORD [-12+EBP]
   717 000005E8 5B                              	POP	EBX
   718 000005E9 5E                              	POP	ESI
   719 000005EA 5F                              	POP	EDI
   720 000005EB 5D                              	POP	EBP
   721 000005EC C3                              	RET
   722 000005ED                                 L232:
   723 000005ED 80 3E 00                        	CMP	BYTE [ESI],0
   724 000005F0 74 F3                           	JE	L194
   725 000005F2                                 L227:
   726 000005F2 8B 55 F0                        	MOV	EDX,DWORD [-16+EBP]
   727 000005F5 8A 82 000000BE                  	MOV	AL,BYTE [190+EDX]
   728 000005FB 84 C0                           	TEST	AL,AL
   729 000005FD 75 3E                           	JNE	L223
   730 000005FF 8A 16                           	MOV	DL,BYTE [ESI]
   731 00000601 8D 42 7F                        	LEA	EAX,DWORD [127+EDX]
   732 00000604 3C 7D                           	CMP	AL,125
   733 00000606 77 14                           	JA	L224
   734 00000608 8B 45 F0                        	MOV	EAX,DWORD [-16+EBP]
   735 0000060B 88 90 000000BE                  	MOV	BYTE [190+EAX],DL
   736 00000611                                 L226:
   737 00000611 46                              	INC	ESI
   738 00000612 83 C7 08                        	ADD	EDI,8
   739 00000615 80 3E 00                        	CMP	BYTE [ESI],0
   740 00000618 75 D8                           	JNE	L227
   741 0000061A EB C9                           	JMP	L194
   742 0000061C                                 L224:
   743 0000061C 0F B6 C2                        	MOVZX	EAX,DL
   744 0000061F C1 E0 04                        	SAL	EAX,4
   745 00000622 03 45 EC                        	ADD	EAX,DWORD [-20+EBP]
   746 00000625 50                              	PUSH	EAX
   747 00000626 FF 75 18                        	PUSH	DWORD [24+EBP]
   748 00000629 FF 75 14                        	PUSH	DWORD [20+EBP]
   749 0000062C 57                              	PUSH	EDI
   750 0000062D FF 75 0C                        	PUSH	DWORD [12+EBP]
   751 00000630 FF 75 08                        	PUSH	DWORD [8+EBP]
   752 00000633 E8 FFFFFD98                     	CALL	_putfont
   753 00000638 83 C4 18                        	ADD	ESP,24
   754 0000063B EB D4                           	JMP	L226
   755 0000063D                                 L223:
   756 0000063D 0F B6 D8                        	MOVZX	EBX,AL
   757 00000640 6B DB 5E                        	IMUL	EBX,EBX,94
   758 00000643 0F B6 06                        	MOVZX	EAX,BYTE [ESI]
   759 00000646 8B 55 F0                        	MOV	EDX,DWORD [-16+EBP]
   760 00000649 8D 9C 18 FFFFC441               	LEA	EBX,DWORD [-15295+EAX+EBX*1]
   761 00000650 C6 82 000000BE 00               	MOV	BYTE [190+EDX],0
   762 00000657 C1 E3 05                        	SAL	EBX,5
   763 0000065A 03 5D EC                        	ADD	EBX,DWORD [-20+EBP]
   764 0000065D 8D 83 00001000                  	LEA	EAX,DWORD [4096+EBX]
   765 00000663 81 C3 00001010                  	ADD	EBX,4112
   766 00000669 50                              	PUSH	EAX
   767 0000066A 8D 47 F8                        	LEA	EAX,DWORD [-8+EDI]
   768 0000066D FF 75 18                        	PUSH	DWORD [24+EBP]
   769 00000670 FF 75 14                        	PUSH	DWORD [20+EBP]
   770 00000673 50                              	PUSH	EAX
   771 00000674 FF 75 0C                        	PUSH	DWORD [12+EBP]
   772 00000677 FF 75 08                        	PUSH	DWORD [8+EBP]
   773 0000067A E8 FFFFFD51                     	CALL	_putfont
   774 0000067F 53                              	PUSH	EBX
   775 00000680 FF 75 18                        	PUSH	DWORD [24+EBP]
   776 00000683 FF 75 14                        	PUSH	DWORD [20+EBP]
   777 00000686 57                              	PUSH	EDI
   778 00000687 FF 75 0C                        	PUSH	DWORD [12+EBP]
   779 0000068A FF 75 08                        	PUSH	DWORD [8+EBP]
   780 0000068D E8 FFFFFD3E                     	CALL	_putfont
   781 00000692 83 C4 30                        	ADD	ESP,48
   782 00000695 E9 FFFFFF77                     	JMP	L226
   783 0000069A                                 L231:
   784 0000069A 80 3E 00                        	CMP	BYTE [ESI],0
   785 0000069D 0F 84 FFFFFF36                  	JE	L201
   786 000006A3                                 L217:
   787 000006A3 8B 45 F0                        	MOV	EAX,DWORD [-16+EBP]
   788 000006A6 8A 90 000000BE                  	MOV	DL,BYTE [190+EAX]
   789 000006AC 84 D2                           	TEST	DL,DL
   790 000006AE 75 48                           	JNE	L206
   791 000006B0 8A 16                           	MOV	DL,BYTE [ESI]
   792 000006B2 8D 42 7F                        	LEA	EAX,DWORD [127+EDX]
   793 000006B5 3C 1E                           	CMP	AL,30
   794 000006B7 76 07                           	JBE	L208
   795 000006B9 8D 42 20                        	LEA	EAX,DWORD [32+EDX]
   796 000006BC 3C 1C                           	CMP	AL,28
   797 000006BE 77 17                           	JA	L207
   798 000006C0                                 L208:
   799 000006C0 8B 45 F0                        	MOV	EAX,DWORD [-16+EBP]
   800 000006C3 88 90 000000BE                  	MOV	BYTE [190+EAX],DL
   801 000006C9                                 L210:
   802 000006C9 46                              	INC	ESI
   803 000006CA 83 C7 08                        	ADD	EDI,8
   804 000006CD 80 3E 00                        	CMP	BYTE [ESI],0
   805 000006D0 75 D1                           	JNE	L217
   806 000006D2 E9 FFFFFF02                     	JMP	L201
   807 000006D7                                 L207:
   808 000006D7 0F B6 C2                        	MOVZX	EAX,DL
   809 000006DA C1 E0 04                        	SAL	EAX,4
   810 000006DD 03 45 EC                        	ADD	EAX,DWORD [-20+EBP]
   811 000006E0 50                              	PUSH	EAX
   812 000006E1 FF 75 18                        	PUSH	DWORD [24+EBP]
   813 000006E4 FF 75 14                        	PUSH	DWORD [20+EBP]
   814 000006E7 57                              	PUSH	EDI
   815 000006E8 FF 75 0C                        	PUSH	DWORD [12+EBP]
   816 000006EB FF 75 08                        	PUSH	DWORD [8+EBP]
   817 000006EE E8 FFFFFCDD                     	CALL	_putfont
   818 000006F3 83 C4 18                        	ADD	ESP,24
   819 000006F6 EB D1                           	JMP	L210
   820 000006F8                                 L206:
   821 000006F8 8D 42 7F                        	LEA	EAX,DWORD [127+EDX]
   822 000006FB 3C 1E                           	CMP	AL,30
   823 000006FD 0F 87 00000085                  	JA	L211
   824 00000703 0F B6 C2                        	MOVZX	EAX,DL
   825 00000706 8D 8C 00 FFFFFEFE               	LEA	ECX,DWORD [-258+EAX+EAX*1]
   826 0000070D                                 L212:
   827 0000070D 8A 16                           	MOV	DL,BYTE [ESI]
   828 0000070F 8D 42 C0                        	LEA	EAX,DWORD [-64+EDX]
   829 00000712 3C 3E                           	CMP	AL,62
   830 00000714 77 58                           	JA	L213
   831 00000716 0F B6 C2                        	MOVZX	EAX,DL
   832 00000719 83 E8 40                        	SUB	EAX,64
   833 0000071C                                 L214:
   834 0000071C 6B D9 5E                        	IMUL	EBX,ECX,94
   835 0000071F 8B 55 F0                        	MOV	EDX,DWORD [-16+EBP]
   836 00000722 01 C3                           	ADD	EBX,EAX
   837 00000724 C1 E3 05                        	SAL	EBX,5
   838 00000727 C6 82 000000BE 00               	MOV	BYTE [190+EDX],0
   839 0000072E 03 5D EC                        	ADD	EBX,DWORD [-20+EBP]
   840 00000731 8D 83 00001000                  	LEA	EAX,DWORD [4096+EBX]
   841 00000737 81 C3 00001010                  	ADD	EBX,4112
   842 0000073D 50                              	PUSH	EAX
   843 0000073E 8D 47 F8                        	LEA	EAX,DWORD [-8+EDI]
   844 00000741 FF 75 18                        	PUSH	DWORD [24+EBP]
   845 00000744 FF 75 14                        	PUSH	DWORD [20+EBP]
   846 00000747 50                              	PUSH	EAX
   847 00000748 FF 75 0C                        	PUSH	DWORD [12+EBP]
   848 0000074B FF 75 08                        	PUSH	DWORD [8+EBP]
   849 0000074E E8 FFFFFC7D                     	CALL	_putfont
   850 00000753 53                              	PUSH	EBX
   851 00000754 FF 75 18                        	PUSH	DWORD [24+EBP]
   852 00000757 FF 75 14                        	PUSH	DWORD [20+EBP]
   853 0000075A 57                              	PUSH	EDI
   854 0000075B FF 75 0C                        	PUSH	DWORD [12+EBP]
   855 0000075E FF 75 08                        	PUSH	DWORD [8+EBP]
   856 00000761 E8 FFFFFC6A                     	CALL	_putfont
   857 00000766 83 C4 30                        	ADD	ESP,48
   858 00000769 E9 FFFFFF5B                     	JMP	L210
   859 0000076E                                 L213:
   860 0000076E 8D 42 80                        	LEA	EAX,DWORD [-128+EDX]
   861 00000771 3C 1E                           	CMP	AL,30
   862 00000773 77 08                           	JA	L215
   863 00000775 0F B6 C2                        	MOVZX	EAX,DL
   864 00000778 83 E8 41                        	SUB	EAX,65
   865 0000077B EB 9F                           	JMP	L214
   866 0000077D                                 L215:
   867 0000077D 0F B6 C2                        	MOVZX	EAX,DL
   868 00000780 2D 0000009F                     	SUB	EAX,159
   869 00000785 41                              	INC	ECX
   870 00000786 EB 94                           	JMP	L214
   871 00000788                                 L211:
   872 00000788 0F B6 C2                        	MOVZX	EAX,DL
   873 0000078B 8D 8C 00 FFFFFE7E               	LEA	ECX,DWORD [-386+EAX+EAX*1]
   874 00000792 E9 FFFFFF76                     	JMP	L212
   875 00000797                                 L200:
   876 00000797 0F B6 06                        	MOVZX	EAX,BYTE [ESI]
   877 0000079A C1 E0 04                        	SAL	EAX,4
   878 0000079D 46                              	INC	ESI
   879 0000079E 05 [00000000]                   	ADD	EAX,_hankaku
   880 000007A3 50                              	PUSH	EAX
   881 000007A4 FF 75 18                        	PUSH	DWORD [24+EBP]
   882 000007A7 FF 75 14                        	PUSH	DWORD [20+EBP]
   883 000007AA 57                              	PUSH	EDI
   884 000007AB 83 C7 08                        	ADD	EDI,8
   885 000007AE FF 75 0C                        	PUSH	DWORD [12+EBP]
   886 000007B1 FF 75 08                        	PUSH	DWORD [8+EBP]
   887 000007B4 E8 FFFFFC17                     	CALL	_putfont
   888 000007B9 83 C4 18                        	ADD	ESP,24
   889 000007BC 80 3E 00                        	CMP	BYTE [ESI],0
   890 000007BF 75 D6                           	JNE	L200
   891 000007C1 E9 FFFFFE03                     	JMP	L195
   892                                          [SECTION .data]
   893 00000076                                 _data.1:
   894 00000076 61 68 2E 2E 2E 2E 2E 68 61 68   	DB	"ah.....hahahah.."
       00000080 61 68 61 68 2E 2E 
   895 00000086 68 61 68 2E 2E 2E 2E 68 61 61   	DB	"hah....haaaaah.."
       00000090 61 61 61 68 2E 2E 
   896 00000096 2E 68 61 68 2E 2E 68 61 68 68   	DB	".hah..hahhhhhah."
       000000A0 68 68 68 61 68 2E 
   897 000000A6 2E 2E 68 61 68 68 61 68 61 61   	DB	"..hahhahaahaahah"
       000000B0 68 61 61 68 61 68 
   898 000000B6 2E 2E 2E 68 61 61 61 68 61 68   	DB	"...haaahahhahhah"
       000000C0 68 61 68 68 61 68 
   899 000000C6 2E 2E 2E 2E 68 68 61 61 61 68   	DB	"....hhaaahahhhah"
       000000D0 61 68 68 68 61 68 
   900 000000D6 2E 2E 2E 2E 2E 2E 68 61 68 61   	DB	"......hahaaahah."
       000000E0 61 61 68 61 68 2E 
   901 000000E6 2E 2E 2E 2E 2E 2E 68 68 61 68   	DB	"......hhahahah.."
       000000F0 61 68 61 68 2E 2E 
   902 000000F6 2E 2E 2E 2E 2E 68 61 68 61 68   	DB	".....hahahhhahah"
       00000100 68 68 61 68 61 68 
   903 00000106 2E 2E 2E 2E 68 61 68 61 61 68   	DB	"....hahaahhhaaha"
       00000110 68 68 61 61 68 61 
   904 00000116 2E 2E 2E 2E 2E 68 61 68 61 68   	DB	".....hahahhhahah"
       00000120 68 68 61 68 61 68 
   905 00000126 2E 2E 2E 2E 2E 2E 68 61 61 68   	DB	"......haahhhaah."
       00000130 68 68 61 61 68 2E 
   906 00000136 2E 2E 2E 2E 2E 68 61 61 61 61   	DB	".....haaaaaaaaah"
       00000140 61 61 61 61 61 68 
   907 00000146 2E 2E 2E 2E 2E 68 61 68 61 68   	DB	".....hahahahahah"
       00000150 61 68 61 68 61 68 
   908 00000156 2E 2E 2E 2E 2E 2E 68 61 68 61   	DB	"......hahahahah."
       00000160 68 61 68 61 68 2E 
   909 00000166 2E 2E 2E 2E 2E 2E 2E 68 61 61   	DB	".......haaaaah.."
       00000170 61 61 61 68 2E 2E 
   910                                          [SECTION .text]
   911 000007C6                                 	GLOBAL	_init_mouse_cursor
   912 000007C6                                 _init_mouse_cursor:
   913 000007C6 55                              	PUSH	EBP
   914 000007C7 89 E5                           	MOV	EBP,ESP
   915 000007C9 FF 75 0C                        	PUSH	DWORD [12+EBP]
   916 000007CC 6A 10                           	PUSH	16
   917 000007CE 6A 10                           	PUSH	16
   918 000007D0 68 [00000076]                   	PUSH	_data.1
   919 000007D5 6A 00                           	PUSH	0
   920 000007D7 6A 00                           	PUSH	0
   921 000007D9 6A 10                           	PUSH	16
   922 000007DB FF 75 08                        	PUSH	DWORD [8+EBP]
   923 000007DE E8 000001D6                     	CALL	_picdata
   924 000007E3 C9                              	LEAVE
   925 000007E4 C3                              	RET
   926 000007E5                                 	GLOBAL	_putminifont
   927 000007E5                                 _putminifont:
   928 000007E5 55                              	PUSH	EBP
   929 000007E6 89 E5                           	MOV	EBP,ESP
   930 000007E8 57                              	PUSH	EDI
   931 000007E9 56                              	PUSH	ESI
   932 000007EA 53                              	PUSH	EBX
   933 000007EB 8B 7D 1C                        	MOV	EDI,DWORD [28+EBP]
   934 000007EE E8 FFFFF98D                     	CALL	_get_bpp
   935 000007F3 FF 75 18                        	PUSH	DWORD [24+EBP]
   936 000007F6 50                              	PUSH	EAX
   937 000007F7 89 C3                           	MOV	EBX,EAX
   938 000007F9 E8 FFFFF98E                     	CALL	_get_color
   939 000007FE 83 FB 08                        	CMP	EBX,8
   940 00000801 5E                              	POP	ESI
   941 00000802 89 C1                           	MOV	ECX,EAX
   942 00000804 58                              	POP	EAX
   943 00000805 0F 84 000000E3                  	JE	L277
   944 0000080B 83 FB 10                        	CMP	EBX,16
   945 0000080E 74 71                           	JE	L278
   946 00000810 83 FB 18                        	CMP	EBX,24
   947 00000813 74 08                           	JE	L279
   948 00000815                                 L234:
   949 00000815 8D 65 F4                        	LEA	ESP,DWORD [-12+EBP]
   950 00000818 5B                              	POP	EBX
   951 00000819 5E                              	POP	ESI
   952 0000081A 5F                              	POP	EDI
   953 0000081B 5D                              	POP	EBP
   954 0000081C C3                              	RET
   955 0000081D                                 L279:
   956 0000081D 31 F6                           	XOR	ESI,ESI
   957 0000081F                                 L272:
   958 0000081F 8B 45 14                        	MOV	EAX,DWORD [20+EBP]
   959 00000822 8B 55 08                        	MOV	EDX,DWORD [8+EBP]
   960 00000825 01 F0                           	ADD	EAX,ESI
   961 00000827 0F AF 45 0C                     	IMUL	EAX,DWORD [12+EBP]
   962 0000082B 03 45 10                        	ADD	EAX,DWORD [16+EBP]
   963 0000082E 8D 1C 82                        	LEA	EBX,DWORD [EDX+EAX*4]
   964 00000831 8A 14 3E                        	MOV	DL,BYTE [ESI+EDI*1]
   965 00000834 88 D0                           	MOV	AL,DL
   966 00000836 83 E0 20                        	AND	EAX,32
   967 00000839 84 C0                           	TEST	AL,AL
   968 0000083B 74 02                           	JE	L266
   969 0000083D 89 0B                           	MOV	DWORD [EBX],ECX
   970 0000083F                                 L266:
   971 0000083F 88 D0                           	MOV	AL,DL
   972 00000841 83 E0 10                        	AND	EAX,16
   973 00000844 84 C0                           	TEST	AL,AL
   974 00000846 74 03                           	JE	L267
   975 00000848 89 4B 04                        	MOV	DWORD [4+EBX],ECX
   976 0000084B                                 L267:
   977 0000084B 88 D0                           	MOV	AL,DL
   978 0000084D 83 E0 08                        	AND	EAX,8
   979 00000850 84 C0                           	TEST	AL,AL
   980 00000852 74 03                           	JE	L268
   981 00000854 89 4B 08                        	MOV	DWORD [8+EBX],ECX
   982 00000857                                 L268:
   983 00000857 88 D0                           	MOV	AL,DL
   984 00000859 83 E0 04                        	AND	EAX,4
   985 0000085C 84 C0                           	TEST	AL,AL
   986 0000085E 74 03                           	JE	L269
   987 00000860 89 4B 0C                        	MOV	DWORD [12+EBX],ECX
   988 00000863                                 L269:
   989 00000863 88 D0                           	MOV	AL,DL
   990 00000865 83 E0 02                        	AND	EAX,2
   991 00000868 84 C0                           	TEST	AL,AL
   992 0000086A 74 03                           	JE	L270
   993 0000086C 89 4B 10                        	MOV	DWORD [16+EBX],ECX
   994 0000086F                                 L270:
   995 0000086F 83 E2 01                        	AND	EDX,1
   996 00000872 84 D2                           	TEST	DL,DL
   997 00000874 74 03                           	JE	L264
   998 00000876 89 4B 14                        	MOV	DWORD [20+EBX],ECX
   999 00000879                                 L264:
  1000 00000879 46                              	INC	ESI
  1001 0000087A 83 FE 0B                        	CMP	ESI,11
  1002 0000087D 7E A0                           	JLE	L272
  1003 0000087F EB 94                           	JMP	L234
  1004 00000881                                 L278:
  1005 00000881 31 F6                           	XOR	ESI,ESI
  1006 00000883                                 L259:
  1007 00000883 8B 45 14                        	MOV	EAX,DWORD [20+EBP]
  1008 00000886 8B 55 08                        	MOV	EDX,DWORD [8+EBP]
  1009 00000889 01 F0                           	ADD	EAX,ESI
  1010 0000088B 0F AF 45 0C                     	IMUL	EAX,DWORD [12+EBP]
  1011 0000088F 03 45 10                        	ADD	EAX,DWORD [16+EBP]
  1012 00000892 8D 1C 42                        	LEA	EBX,DWORD [EDX+EAX*2]
  1013 00000895 8A 14 3E                        	MOV	DL,BYTE [ESI+EDI*1]
  1014 00000898 88 D0                           	MOV	AL,DL
  1015 0000089A 83 E0 20                        	AND	EAX,32
  1016 0000089D 84 C0                           	TEST	AL,AL
  1017 0000089F 74 03                           	JE	L253
  1018 000008A1 66 89 0B                        	MOV	WORD [EBX],CX
  1019 000008A4                                 L253:
  1020 000008A4 88 D0                           	MOV	AL,DL
  1021 000008A6 83 E0 10                        	AND	EAX,16
  1022 000008A9 84 C0                           	TEST	AL,AL
  1023 000008AB 74 04                           	JE	L254
  1024 000008AD 66 89 4B 02                     	MOV	WORD [2+EBX],CX
  1025 000008B1                                 L254:
  1026 000008B1 88 D0                           	MOV	AL,DL
  1027 000008B3 83 E0 08                        	AND	EAX,8
  1028 000008B6 84 C0                           	TEST	AL,AL
  1029 000008B8 74 04                           	JE	L255
  1030 000008BA 66 89 4B 04                     	MOV	WORD [4+EBX],CX
  1031 000008BE                                 L255:
  1032 000008BE 88 D0                           	MOV	AL,DL
  1033 000008C0 83 E0 04                        	AND	EAX,4
  1034 000008C3 84 C0                           	TEST	AL,AL
  1035 000008C5 74 04                           	JE	L256
  1036 000008C7 66 89 4B 06                     	MOV	WORD [6+EBX],CX
  1037 000008CB                                 L256:
  1038 000008CB 88 D0                           	MOV	AL,DL
  1039 000008CD 83 E0 02                        	AND	EAX,2
  1040 000008D0 84 C0                           	TEST	AL,AL
  1041 000008D2 74 04                           	JE	L257
  1042 000008D4 66 89 4B 08                     	MOV	WORD [8+EBX],CX
  1043 000008D8                                 L257:
  1044 000008D8 83 E2 01                        	AND	EDX,1
  1045 000008DB 84 D2                           	TEST	DL,DL
  1046 000008DD 74 04                           	JE	L251
  1047 000008DF 66 89 4B 0A                     	MOV	WORD [10+EBX],CX
  1048 000008E3                                 L251:
  1049 000008E3 46                              	INC	ESI
  1050 000008E4 83 FE 0B                        	CMP	ESI,11
  1051 000008E7 7E 9A                           	JLE	L259
  1052 000008E9 E9 FFFFFF27                     	JMP	L234
  1053 000008EE                                 L277:
  1054 000008EE 31 F6                           	XOR	ESI,ESI
  1055 000008F0                                 L246:
  1056 000008F0 8B 45 14                        	MOV	EAX,DWORD [20+EBP]
  1057 000008F3 8B 55 10                        	MOV	EDX,DWORD [16+EBP]
  1058 000008F6 01 F0                           	ADD	EAX,ESI
  1059 000008F8 0F AF 45 0C                     	IMUL	EAX,DWORD [12+EBP]
  1060 000008FC 03 45 08                        	ADD	EAX,DWORD [8+EBP]
  1061 000008FF 8D 1C 02                        	LEA	EBX,DWORD [EDX+EAX*1]
  1062 00000902 8A 14 3E                        	MOV	DL,BYTE [ESI+EDI*1]
  1063 00000905 88 D0                           	MOV	AL,DL
  1064 00000907 83 E0 20                        	AND	EAX,32
  1065 0000090A 84 C0                           	TEST	AL,AL
  1066 0000090C 74 02                           	JE	L240
  1067 0000090E 88 0B                           	MOV	BYTE [EBX],CL
  1068 00000910                                 L240:
  1069 00000910 88 D0                           	MOV	AL,DL
  1070 00000912 83 E0 10                        	AND	EAX,16
  1071 00000915 84 C0                           	TEST	AL,AL
  1072 00000917 74 03                           	JE	L241
  1073 00000919 88 4B 01                        	MOV	BYTE [1+EBX],CL
  1074 0000091C                                 L241:
  1075 0000091C 88 D0                           	MOV	AL,DL
  1076 0000091E 83 E0 08                        	AND	EAX,8
  1077 00000921 84 C0                           	TEST	AL,AL
  1078 00000923 74 03                           	JE	L242
  1079 00000925 88 4B 02                        	MOV	BYTE [2+EBX],CL
  1080 00000928                                 L242:
  1081 00000928 88 D0                           	MOV	AL,DL
  1082 0000092A 83 E0 04                        	AND	EAX,4
  1083 0000092D 84 C0                           	TEST	AL,AL
  1084 0000092F 74 03                           	JE	L243
  1085 00000931 88 4B 03                        	MOV	BYTE [3+EBX],CL
  1086 00000934                                 L243:
  1087 00000934 88 D0                           	MOV	AL,DL
  1088 00000936 83 E0 02                        	AND	EAX,2
  1089 00000939 84 C0                           	TEST	AL,AL
  1090 0000093B 74 03                           	JE	L244
  1091 0000093D 88 4B 04                        	MOV	BYTE [4+EBX],CL
  1092 00000940                                 L244:
  1093 00000940 83 E2 01                        	AND	EDX,1
  1094 00000943 84 D2                           	TEST	DL,DL
  1095 00000945 74 03                           	JE	L238
  1096 00000947 88 4B 05                        	MOV	BYTE [5+EBX],CL
  1097 0000094A                                 L238:
  1098 0000094A 46                              	INC	ESI
  1099 0000094B 83 FE 0B                        	CMP	ESI,11
  1100 0000094E 7E A0                           	JLE	L246
  1101 00000950 E9 FFFFFEC0                     	JMP	L234
  1102 00000955                                 	GLOBAL	_putminifonts
  1103 00000955                                 _putminifonts:
  1104 00000955 55                              	PUSH	EBP
  1105 00000956 89 E5                           	MOV	EBP,ESP
  1106 00000958 57                              	PUSH	EDI
  1107 00000959 56                              	PUSH	ESI
  1108 0000095A 53                              	PUSH	EBX
  1109 0000095B 8B 7D 18                        	MOV	EDI,DWORD [24+EBP]
  1110 0000095E 8B 5D 1C                        	MOV	EBX,DWORD [28+EBP]
  1111 00000961 8B 75 10                        	MOV	ESI,DWORD [16+EBP]
  1112 00000964 80 3B 00                        	CMP	BYTE [EBX],0
  1113 00000967 75 08                           	JNE	L285
  1114 00000969                                 L287:
  1115 00000969 8D 65 F4                        	LEA	ESP,DWORD [-12+EBP]
  1116 0000096C 5B                              	POP	EBX
  1117 0000096D 5E                              	POP	ESI
  1118 0000096E 5F                              	POP	EDI
  1119 0000096F 5D                              	POP	EBP
  1120 00000970 C3                              	RET
  1121 00000971                                 L285:
  1122 00000971 0F B6 03                        	MOVZX	EAX,BYTE [EBX]
  1123 00000974 6B C0 0C                        	IMUL	EAX,EAX,12
  1124 00000977 05 [00000000]                   	ADD	EAX,_minifnt
  1125 0000097C 43                              	INC	EBX
  1126 0000097D 50                              	PUSH	EAX
  1127 0000097E 57                              	PUSH	EDI
  1128 0000097F FF 75 14                        	PUSH	DWORD [20+EBP]
  1129 00000982 56                              	PUSH	ESI
  1130 00000983 83 C6 06                        	ADD	ESI,6
  1131 00000986 FF 75 0C                        	PUSH	DWORD [12+EBP]
  1132 00000989 FF 75 08                        	PUSH	DWORD [8+EBP]
  1133 0000098C E8 FFFFFE54                     	CALL	_putminifont
  1134 00000991 83 C4 18                        	ADD	ESP,24
  1135 00000994 80 3B 00                        	CMP	BYTE [EBX],0
  1136 00000997 75 D8                           	JNE	L285
  1137 00000999 EB CE                           	JMP	L287
  1138                                          [SECTION .data]
  1139 00000176                                 _naomi.2:
  1140 00000176 6F 6F 6F 6F 6F 6F 6F 6F 6F 6F   	DB	"ooooooooooooaaaaoooooooooooo"
       00000180 6F 6F 61 61 61 61 6F 6F 6F 6F 
       0000018A 6F 6F 6F 6F 6F 6F 6F 6F 
  1141 00000192 6F 6F 6F 6F 6F 6F 6F 6F 6F 61   	DB	"oooooooooaaaddddaaaooooooooo"
       0000019C 61 61 64 64 64 64 61 61 61 6F 
       000001A6 6F 6F 6F 6F 6F 6F 6F 6F 
  1142 000001AE 6F 6F 6F 6F 6F 6F 6F 6F 61 64   	DB	"ooooooooaddddddddddaoooooooo"
       000001B8 64 64 64 64 64 64 64 64 64 61 
       000001C2 6F 6F 6F 6F 6F 6F 6F 6F 
  1143 000001CA 6F 6F 6F 6F 6F 6F 6F 61 64 64   	DB	"oooooooaddddddddddddaooooooo"
       000001D4 64 64 64 64 64 64 64 64 64 64 
       000001DE 61 6F 6F 6F 6F 6F 6F 6F 
  1144 000001E6 6F 6F 6F 6F 6F 6F 61 64 64 64   	DB	"ooooooaddddddddddddddaoooooo"
       000001F0 64 64 64 64 64 64 64 64 64 64 
       000001FA 64 61 6F 6F 6F 6F 6F 6F 
  1145 00000202 61 6F 6F 6F 6F 61 64 61 61 61   	DB	"aooooadaaaaaaddaaaaaadaooooa"
       0000020C 61 61 61 64 64 61 61 61 61 61 
       00000216 61 64 61 6F 6F 6F 6F 61 
  1146 0000021E 61 6F 6F 6F 61 64 64 61 64 64   	DB	"aoooaddaddddaddaddddaddaoooa"
       00000228 64 64 61 64 64 61 64 64 64 64 
       00000232 61 64 64 61 6F 6F 6F 61 
  1147 0000023A 61 6F 6F 6F 61 64 64 61 61 61   	DB	"aoooaddaaaaaaddaaaaaaddaoooa"
       00000244 61 61 61 64 64 61 61 61 61 61 
       0000024E 61 64 64 61 6F 6F 6F 61 
  1148 00000256 6F 61 6F 6F 61 64 64 61 64 64   	DB	"oaooaddaddddaddaddddaddaoooa"
       00000260 64 64 61 64 64 61 64 64 64 64 
       0000026A 61 64 64 61 6F 6F 6F 61 
  1149 00000272 6F 61 6F 61 64 64 64 61 61 61   	DB	"oaoadddaaaaaaddaaaaaadddaoao"
       0000027C 61 61 61 64 64 61 61 61 61 61 
       00000286 61 64 64 64 61 6F 61 6F 
  1150 0000028E 6F 61 6F 61 64 64 64 64 64 64   	DB	"oaoaddddddddddddddddddddaoao"
       00000298 64 64 64 64 64 64 64 64 64 64 
       000002A2 64 64 64 64 61 6F 61 6F 
  1151 000002AA 6F 6F 61 61 64 64 64 64 64 61   	DB	"ooaadddddaaddddddaadddddaaoo"
       000002B4 61 64 64 64 64 64 64 61 61 64 
       000002BE 64 64 64 64 61 61 6F 6F 
  1152 000002C6 6F 6F 6F 61 64 64 64 64 64 61   	DB	"oooadddddaaddddddaadddddaooo"
       000002D0 61 64 64 64 64 64 64 61 61 64 
       000002DA 64 64 64 64 61 6F 6F 6F 
  1153 000002E2 6F 6F 6F 61 64 64 64 64 64 64   	DB	"oooadddddddddaadddddddddaooo"
       000002EC 64 64 64 61 61 64 64 64 64 64 
       000002F6 64 64 64 64 61 6F 6F 6F 
  1154 000002FE 6F 6F 6F 6F 61 64 64 64 64 64   	DB	"ooooaddddddaabbaaddddddaoooo"
       00000308 64 61 61 62 62 61 61 64 64 64 
       00000312 64 64 64 61 6F 6F 6F 6F 
  1155 0000031A 6F 6F 6F 6F 61 64 64 64 64 64   	DB	"ooooaddddddabaabaddddddaoooo"
       00000324 64 61 62 61 61 62 61 64 64 64 
       0000032E 64 64 64 61 6F 6F 6F 6F 
  1156 00000336 6F 6F 6F 6F 61 64 64 64 64 64   	DB	"ooooadddddabahhabadddddaoooo"
       00000340 61 62 61 68 68 61 62 61 64 64 
       0000034A 64 64 64 61 6F 6F 6F 6F 
  1157 00000352 6F 6F 6F 6F 6F 61 64 64 64 64   	DB	"oooooaddddabahhabaddddaooooo"
       0000035C 61 62 61 68 68 61 62 61 64 64 
       00000366 64 64 61 6F 6F 6F 6F 6F 
  1158 0000036E 6F 6F 6F 6F 6F 6F 61 64 64 64   	DB	"ooooooaddddabaabaddddaoooooo"
       00000378 64 61 62 61 61 62 61 64 64 64 
       00000382 64 61 6F 6F 6F 6F 6F 6F 
  1159 0000038A 6F 6F 6F 6F 6F 6F 6F 61 64 64   	DB	"oooooooadddaabbaadddaooooooo"
       00000394 64 61 61 62 62 61 61 64 64 64 
       0000039E 61 6F 6F 6F 6F 6F 6F 6F 
  1160 000003A6 6F 6F 6F 6F 6F 6F 6F 6F 61 64   	DB	"ooooooooaddddaaddddaoooooooo"
       000003B0 64 64 64 61 61 64 64 64 64 61 
       000003BA 6F 6F 6F 6F 6F 6F 6F 6F 
  1161 000003C2 6F 6F 6F 6F 6F 6F 6F 6F 6F 61   	DB	"oooooooooaaaddddaaaooooooooo"
       000003CC 61 61 64 64 64 64 61 61 61 6F 
       000003D6 6F 6F 6F 6F 6F 6F 6F 6F 
  1162 000003DE 6F 6F 6F 6F 6F 6F 6F 6F 61 61   	DB	"ooooooooaaooaaaaooaaoooooooo"
       000003E8 6F 6F 61 61 61 61 6F 6F 61 61 
       000003F2 6F 6F 6F 6F 6F 6F 6F 6F 
  1163 000003FA 6F 6F 6F 6F 6F 6F 6F 61 6F 6F   	DB	"oooooooaooooooooooooaooooooo"
       00000404 6F 6F 6F 6F 6F 6F 6F 6F 6F 6F 
       0000040E 61 6F 6F 6F 6F 6F 6F 6F 
  1164 00000416 6F 6F 6F 6F 6F 6F 61 6F 6F 6F   	DB	"ooooooaooooooooooooooaoooooo"
       00000420 6F 6F 6F 6F 6F 6F 6F 6F 6F 6F 
       0000042A 6F 61 6F 6F 6F 6F 6F 6F 
  1165 00000432 6F 6F 6F 6F 6F 61 6F 6F 6F 6F   	DB	"oooooaooooooooooooooooaooooo"
       0000043C 6F 6F 6F 6F 6F 6F 6F 6F 6F 6F 
       00000446 6F 6F 61 6F 6F 6F 6F 6F 
  1166                                          [SECTION .text]
  1167 0000099B                                 	GLOBAL	_put_naomi
  1168 0000099B                                 _put_naomi:
  1169 0000099B 55                              	PUSH	EBP
  1170 0000099C 89 E5                           	MOV	EBP,ESP
  1171 0000099E 6A FF                           	PUSH	-1
  1172 000009A0 6A 1A                           	PUSH	26
  1173 000009A2 6A 1C                           	PUSH	28
  1174 000009A4 68 [00000176]                   	PUSH	_naomi.2
  1175 000009A9 6A 00                           	PUSH	0
  1176 000009AB 6A 00                           	PUSH	0
  1177 000009AD 6A 1C                           	PUSH	28
  1178 000009AF FF 75 08                        	PUSH	DWORD [8+EBP]
  1179 000009B2 E8 00000002                     	CALL	_picdata
  1180 000009B7 C9                              	LEAVE
  1181 000009B8 C3                              	RET
  1182 000009B9                                 	GLOBAL	_picdata
  1183 000009B9                                 _picdata:
  1184 000009B9 55                              	PUSH	EBP
  1185 000009BA 89 E5                           	MOV	EBP,ESP
  1186 000009BC 57                              	PUSH	EDI
  1187 000009BD 56                              	PUSH	ESI
  1188 000009BE 53                              	PUSH	EBX
  1189 000009BF 83 EC 10                        	SUB	ESP,16
  1190 000009C2 E8 FFFFF7B9                     	CALL	_get_bpp
  1191 000009C7 89 C7                           	MOV	EDI,EAX
  1192 000009C9 83 F8 08                        	CMP	EAX,8
  1193 000009CC 0F 84 00000168                  	JE	L352
  1194 000009D2 83 F8 10                        	CMP	EAX,16
  1195 000009D5 0F 84 000000B1                  	JE	L353
  1196 000009DB 83 F8 18                        	CMP	EAX,24
  1197 000009DE 74 08                           	JE	L354
  1198 000009E0                                 L289:
  1199 000009E0 8D 65 F4                        	LEA	ESP,DWORD [-12+EBP]
  1200 000009E3 5B                              	POP	EBX
  1201 000009E4 5E                              	POP	ESI
  1202 000009E5 5F                              	POP	EDI
  1203 000009E6 5D                              	POP	EBP
  1204 000009E7 C3                              	RET
  1205 000009E8                                 L354:
  1206 000009E8 31 F6                           	XOR	ESI,ESI
  1207 000009EA 3B 75 20                        	CMP	ESI,DWORD [32+EBP]
  1208 000009ED 7D F1                           	JGE	L289
  1209 000009EF C7 45 E8 00000000               	MOV	DWORD [-24+EBP],0
  1210 000009F6                                 L339:
  1211 000009F6 8B 45 14                        	MOV	EAX,DWORD [20+EBP]
  1212 000009F9 8B 55 08                        	MOV	EDX,DWORD [8+EBP]
  1213 000009FC 01 F0                           	ADD	EAX,ESI
  1214 000009FE 31 DB                           	XOR	EBX,EBX
  1215 00000A00 0F AF 45 0C                     	IMUL	EAX,DWORD [12+EBP]
  1216 00000A04 03 45 10                        	ADD	EAX,DWORD [16+EBP]
  1217 00000A07 3B 5D 1C                        	CMP	EBX,DWORD [28+EBP]
  1218 00000A0A 8D 04 82                        	LEA	EAX,DWORD [EDX+EAX*4]
  1219 00000A0D 89 45 EC                        	MOV	DWORD [-20+EBP],EAX
  1220 00000A10 7D 24                           	JGE	L348
  1221 00000A12                                 L338:
  1222 00000A12 8B 45 E8                        	MOV	EAX,DWORD [-24+EBP]
  1223 00000A15 8B 4D 18                        	MOV	ECX,DWORD [24+EBP]
  1224 00000A18 01 D8                           	ADD	EAX,EBX
  1225 00000A1A 8A 14 08                        	MOV	DL,BYTE [EAX+ECX*1]
  1226 00000A1D 8D 42 9F                        	LEA	EAX,DWORD [-97+EDX]
  1227 00000A20 3C 0F                           	CMP	AL,15
  1228 00000A22 76 4B                           	JBE	L355
  1229 00000A24 8D 42 8E                        	LEA	EAX,DWORD [-114+EDX]
  1230 00000A27 3C 01                           	CMP	AL,1
  1231 00000A29 76 24                           	JBE	L356
  1232 00000A2B 80 FA 2E                        	CMP	DL,46
  1233 00000A2E 74 14                           	JE	L357
  1234 00000A30                                 L331:
  1235 00000A30 43                              	INC	EBX
  1236 00000A31 3B 5D 1C                        	CMP	EBX,DWORD [28+EBP]
  1237 00000A34 7C DC                           	JL	L338
  1238 00000A36                                 L348:
  1239 00000A36 8B 4D 1C                        	MOV	ECX,DWORD [28+EBP]
  1240 00000A39 46                              	INC	ESI
  1241 00000A3A 01 4D E8                        	ADD	DWORD [-24+EBP],ECX
  1242 00000A3D 3B 75 20                        	CMP	ESI,DWORD [32+EBP]
  1243 00000A40 7C B4                           	JL	L339
  1244 00000A42 EB 9C                           	JMP	L289
  1245 00000A44                                 L357:
  1246 00000A44 8B 55 EC                        	MOV	EDX,DWORD [-20+EBP]
  1247 00000A47 8B 45 24                        	MOV	EAX,DWORD [36+EBP]
  1248 00000A4A 89 04 9A                        	MOV	DWORD [EDX+EBX*4],EAX
  1249 00000A4D EB E1                           	JMP	L331
  1250 00000A4F                                 L356:
  1251 00000A4F 0F B6 C2                        	MOVZX	EAX,DL
  1252 00000A52 83 C0 71                        	ADD	EAX,113
  1253 00000A55 50                              	PUSH	EAX
  1254 00000A56 6A 01                           	PUSH	1
  1255 00000A58 E8 FFFFF72F                     	CALL	_get_color
  1256 00000A5D 50                              	PUSH	EAX
  1257 00000A5E 57                              	PUSH	EDI
  1258 00000A5F E8 FFFFF728                     	CALL	_get_color
  1259 00000A64 8B 4D EC                        	MOV	ECX,DWORD [-20+EBP]
  1260 00000A67 89 04 99                        	MOV	DWORD [ECX+EBX*4],EAX
  1261 00000A6A                                 L351:
  1262 00000A6A 83 C4 10                        	ADD	ESP,16
  1263 00000A6D EB C1                           	JMP	L331
  1264 00000A6F                                 L355:
  1265 00000A6F 0F B6 C2                        	MOVZX	EAX,DL
  1266 00000A72 83 E8 61                        	SUB	EAX,97
  1267 00000A75 50                              	PUSH	EAX
  1268 00000A76 6A 01                           	PUSH	1
  1269 00000A78 E8 FFFFF70F                     	CALL	_get_color
  1270 00000A7D 50                              	PUSH	EAX
  1271 00000A7E 57                              	PUSH	EDI
  1272 00000A7F E8 FFFFF708                     	CALL	_get_color
  1273 00000A84 8B 55 EC                        	MOV	EDX,DWORD [-20+EBP]
  1274 00000A87 89 04 9A                        	MOV	DWORD [EDX+EBX*4],EAX
  1275 00000A8A EB DE                           	JMP	L351
  1276 00000A8C                                 L353:
  1277 00000A8C 31 F6                           	XOR	ESI,ESI
  1278 00000A8E 3B 75 20                        	CMP	ESI,DWORD [32+EBP]
  1279 00000A91 0F 8D FFFFFF49                  	JGE	L289
  1280 00000A97 C7 45 E4 00000000               	MOV	DWORD [-28+EBP],0
  1281 00000A9E                                 L322:
  1282 00000A9E 8B 45 14                        	MOV	EAX,DWORD [20+EBP]
  1283 00000AA1 8B 4D 08                        	MOV	ECX,DWORD [8+EBP]
  1284 00000AA4 01 F0                           	ADD	EAX,ESI
  1285 00000AA6 31 DB                           	XOR	EBX,EBX
  1286 00000AA8 0F AF 45 0C                     	IMUL	EAX,DWORD [12+EBP]
  1287 00000AAC 03 45 10                        	ADD	EAX,DWORD [16+EBP]
  1288 00000AAF 3B 5D 1C                        	CMP	EBX,DWORD [28+EBP]
  1289 00000AB2 8D 04 41                        	LEA	EAX,DWORD [ECX+EAX*2]
  1290 00000AB5 89 45 F0                        	MOV	DWORD [-16+EBP],EAX
  1291 00000AB8 7D 24                           	JGE	L345
  1292 00000ABA                                 L321:
  1293 00000ABA 8B 45 E4                        	MOV	EAX,DWORD [-28+EBP]
  1294 00000ABD 8B 4D 18                        	MOV	ECX,DWORD [24+EBP]
  1295 00000AC0 01 D8                           	ADD	EAX,EBX
  1296 00000AC2 8A 14 08                        	MOV	DL,BYTE [EAX+ECX*1]
  1297 00000AC5 8D 42 9F                        	LEA	EAX,DWORD [-97+EDX]
  1298 00000AC8 3C 0F                           	CMP	AL,15
  1299 00000ACA 76 50                           	JBE	L358
  1300 00000ACC 8D 42 8E                        	LEA	EAX,DWORD [-114+EDX]
  1301 00000ACF 3C 01                           	CMP	AL,1
  1302 00000AD1 76 28                           	JBE	L359
  1303 00000AD3 80 FA 2E                        	CMP	DL,46
  1304 00000AD6 74 17                           	JE	L360
  1305 00000AD8                                 L314:
  1306 00000AD8 43                              	INC	EBX
  1307 00000AD9 3B 5D 1C                        	CMP	EBX,DWORD [28+EBP]
  1308 00000ADC 7C DC                           	JL	L321
  1309 00000ADE                                 L345:
  1310 00000ADE 8B 4D 1C                        	MOV	ECX,DWORD [28+EBP]
  1311 00000AE1 46                              	INC	ESI
  1312 00000AE2 01 4D E4                        	ADD	DWORD [-28+EBP],ECX
  1313 00000AE5 3B 75 20                        	CMP	ESI,DWORD [32+EBP]
  1314 00000AE8 7C B4                           	JL	L322
  1315 00000AEA E9 FFFFFEF1                     	JMP	L289
  1316 00000AEF                                 L360:
  1317 00000AEF 8B 45 F0                        	MOV	EAX,DWORD [-16+EBP]
  1318 00000AF2 8B 55 24                        	MOV	EDX,DWORD [36+EBP]
  1319 00000AF5 66 89 14 58                     	MOV	WORD [EAX+EBX*2],DX
  1320 00000AF9 EB DD                           	JMP	L314
  1321 00000AFB                                 L359:
  1322 00000AFB 0F B6 C2                        	MOVZX	EAX,DL
  1323 00000AFE 83 C0 71                        	ADD	EAX,113
  1324 00000B01 50                              	PUSH	EAX
  1325 00000B02 6A 01                           	PUSH	1
  1326 00000B04 E8 FFFFF683                     	CALL	_get_color
  1327 00000B09 50                              	PUSH	EAX
  1328 00000B0A 57                              	PUSH	EDI
  1329 00000B0B E8 FFFFF67C                     	CALL	_get_color
  1330 00000B10 8B 4D F0                        	MOV	ECX,DWORD [-16+EBP]
  1331 00000B13 66 89 04 59                     	MOV	WORD [ECX+EBX*2],AX
  1332 00000B17                                 L350:
  1333 00000B17 83 C4 10                        	ADD	ESP,16
  1334 00000B1A EB BC                           	JMP	L314
  1335 00000B1C                                 L358:
  1336 00000B1C 0F B6 C2                        	MOVZX	EAX,DL
  1337 00000B1F 83 E8 61                        	SUB	EAX,97
  1338 00000B22 50                              	PUSH	EAX
  1339 00000B23 6A 01                           	PUSH	1
  1340 00000B25 E8 FFFFF662                     	CALL	_get_color
  1341 00000B2A 50                              	PUSH	EAX
  1342 00000B2B 57                              	PUSH	EDI
  1343 00000B2C E8 FFFFF65B                     	CALL	_get_color
  1344 00000B31 8B 55 F0                        	MOV	EDX,DWORD [-16+EBP]
  1345 00000B34 66 89 04 5A                     	MOV	WORD [EDX+EBX*2],AX
  1346 00000B38 EB DD                           	JMP	L350
  1347 00000B3A                                 L352:
  1348 00000B3A 31 F6                           	XOR	ESI,ESI
  1349 00000B3C 3B 75 20                        	CMP	ESI,DWORD [32+EBP]
  1350 00000B3F 0F 8D FFFFFE9B                  	JGE	L289
  1351 00000B45 31 FF                           	XOR	EDI,EDI
  1352 00000B47                                 L305:
  1353 00000B47 8B 45 14                        	MOV	EAX,DWORD [20+EBP]
  1354 00000B4A 8B 55 10                        	MOV	EDX,DWORD [16+EBP]
  1355 00000B4D 01 F0                           	ADD	EAX,ESI
  1356 00000B4F 31 DB                           	XOR	EBX,EBX
  1357 00000B51 0F AF 45 0C                     	IMUL	EAX,DWORD [12+EBP]
  1358 00000B55 03 45 08                        	ADD	EAX,DWORD [8+EBP]
  1359 00000B58 3B 5D 1C                        	CMP	EBX,DWORD [28+EBP]
  1360 00000B5B 8D 0C 02                        	LEA	ECX,DWORD [EDX+EAX*1]
  1361 00000B5E 7D 23                           	JGE	L342
  1362 00000B60                                 L304:
  1363 00000B60 8B 45 18                        	MOV	EAX,DWORD [24+EBP]
  1364 00000B63 8D 14 3B                        	LEA	EDX,DWORD [EBX+EDI*1]
  1365 00000B66 8A 14 02                        	MOV	DL,BYTE [EDX+EAX*1]
  1366 00000B69 8D 42 9F                        	LEA	EAX,DWORD [-97+EDX]
  1367 00000B6C 3C 0F                           	CMP	AL,15
  1368 00000B6E 76 0A                           	JBE	L349
  1369 00000B70 8D 42 8F                        	LEA	EAX,DWORD [-113+EDX]
  1370 00000B73 3C 01                           	CMP	AL,1
  1371 00000B75 77 1A                           	JA	L301
  1372 00000B77 8D 42 7F                        	LEA	EAX,DWORD [127+EDX]
  1373 00000B7A                                 L349:
  1374 00000B7A 88 04 0B                        	MOV	BYTE [EBX+ECX*1],AL
  1375 00000B7D                                 L297:
  1376 00000B7D 43                              	INC	EBX
  1377 00000B7E 3B 5D 1C                        	CMP	EBX,DWORD [28+EBP]
  1378 00000B81 7C DD                           	JL	L304
  1379 00000B83                                 L342:
  1380 00000B83 46                              	INC	ESI
  1381 00000B84 03 7D 1C                        	ADD	EDI,DWORD [28+EBP]
  1382 00000B87 3B 75 20                        	CMP	ESI,DWORD [32+EBP]
  1383 00000B8A 7C BB                           	JL	L305
  1384 00000B8C E9 FFFFFE4F                     	JMP	L289
  1385 00000B91                                 L301:
  1386 00000B91 80 FA 2E                        	CMP	DL,46
  1387 00000B94 75 E7                           	JNE	L297
  1388 00000B96 8A 55 24                        	MOV	DL,BYTE [36+EBP]
  1389 00000B99 88 14 0B                        	MOV	BYTE [EBX+ECX*1],DL
  1390 00000B9C EB DF                           	JMP	L297
