     1 00000000                                 [FORMAT "WCOFF"]
     2 00000000                                 [INSTRSET "i486p"]
     3 00000000                                 [BITS 32]
     4 00000000                                 [FILE "osak4007.nas"]
     5 00000000                                 
     6 00000000                                 		GLOBAL	_osak_drawpicture
     7 00000000                                 
     8                                          [SECTION .text]
     9 00000000                                 
    10 00000000                                 _osak_drawpicture:		; int osak_drawpicture(int win, int pic, int px, int py);
    11 00000000 56                              		PUSH	ESI
    12 00000001 55                              		PUSH	EBP
    13 00000002 53                              		PUSH	EBX
    14 00000003 BA 00004007                     		MOV		EDX,0x4007
    15 00000008 8B 5C 24 10                     		MOV		EBX,[ESP+16]		; win
    16 0000000C 8B 44 24 14                     		MOV		EAX,[ESP+20]		; pic
    17 00000010 8B 4C 24 18                     		MOV		ECX,[ESP+24]		; px
    18 00000014 8B 74 24 1C                     		MOV		ESI,[ESP+28]		; py
    19 00000018 CD 40                           		INT		0x40
    20 0000001A 5B                              		POP		EBX
    21 0000001B 5D                              		POP		EBP
    22 0000001C 5E                              		POP		ESI
    23 0000001D C3                              		RET
