     1 00000000                                 [FORMAT "WCOFF"]
     2 00000000                                 [INSTRSET "i486p"]
     3 00000000                                 [OPTIMIZE 1]
     4 00000000                                 [OPTION 1]
     5 00000000                                 [BITS 32]
     6 00000000                                 	EXTERN	__alloca
     7 00000000                                 	EXTERN	_osak_getbuflen
     8 00000000                                 	EXTERN	_tomo_sysinfo
     9 00000000                                 	EXTERN	_api_cmdline
    10 00000000                                 	EXTERN	_api_fopen
    11 00000000                                 	EXTERN	_api_fsize
    12 00000000                                 	EXTERN	_api_fread
    13 00000000                                 	EXTERN	_api_fclose
    14 00000000                                 	EXTERN	_info_BMP
    15 00000000                                 	EXTERN	_info_JPEG
    16 00000000                                 	EXTERN	_info_ICO
    17 00000000                                 	EXTERN	_api_putstr0
    18 00000000                                 	EXTERN	_api_end
    19 00000000                                 	EXTERN	_api_openwin
    20 00000000                                 	EXTERN	_api_refreshwin
    21 00000000                                 	EXTERN	_api_getkey
    22 00000000                                 	EXTERN	_decode0_ICO
    23 00000000                                 	EXTERN	_decode0_JPEG
    24 00000000                                 	EXTERN	_decode0_BMP
    25 00000000                                 [FILE "gview.c"]
    26                                          [SECTION .data]
    27 00000000                                 LC0:
    28 00000000 66 69 6C 65 20 6E 6F 74 20 66   	DB	"file not found.",0x0A,0x00
       0000000A 6F 75 6E 64 2E 0A 00 
    29 00000011                                 LC1:
    30 00000011 66 69 6C 65 20 74 6F 6F 20 6C   	DB	"file too large.",0x0A,0x00
       0000001B 61 72 67 65 2E 0A 00 
    31 00000022                                 LC2:
    32 00000022 66 69 6C 65 20 74 79 70 65 20   	DB	"file type unknown.",0x0A,0x00
       0000002C 75 6E 6B 6E 6F 77 6E 2E 0A 00 
    33 00000036                                 LC3:
    34 00000036 70 69 63 74 75 72 65 20 74 6F   	DB	"picture too large.",0x0A,0x00
       00000040 6F 20 6C 61 72 67 65 2E 0A 00 
    35 0000004A                                 LC4:
    36 0000004A 67 76 69 65 77 00               	DB	"gview",0x00
    37 00000050                                 LC5:
    38 00000050 64 65 63 6F 64 65 20 65 72 72   	DB	"decode error.",0x0A,0x00
       0000005A 6F 72 2E 0A 00 
    39                                          [SECTION .text]
    40 00000000                                 	GLOBAL	_HariMain
    41 00000000                                 _HariMain:
    42 00000000 55                              	PUSH	EBP
    43 00000001 B8 00390088                     	MOV	EAX,3735688
    44 00000006 89 E5                           	MOV	EBP,ESP
    45 00000008 57                              	PUSH	EDI
    46 00000009 56                              	PUSH	ESI
    47 0000000A 53                              	PUSH	EBX
    48 0000000B 8D 9D FFF6FFD4                  	LEA	EBX,DWORD [-589868+EBP]
    49 00000011 89 DF                           	MOV	EDI,EBX
    50 00000013 E8 [00000000]                   	CALL	__alloca
    51 00000018 E8 [00000000]                   	CALL	_osak_getbuflen
    52 0000001D 69 C0 000CC650                  	IMUL	EAX,EAX,837200
    53 00000023 83 C0 10                        	ADD	EAX,16
    54 00000026 E8 [00000000]                   	CALL	__alloca
    55 0000002B 8D 44 24 0F                     	LEA	EAX,DWORD [15+ESP]
    56 0000002F 83 E0 F0                        	AND	EAX,-16
    57 00000032 89 85 FFC6FFA0                  	MOV	DWORD [-3735648+EBP],EAX
    58 00000038 8D 85 FFC6FFA4                  	LEA	EAX,DWORD [-3735644+EBP]
    59 0000003E 50                              	PUSH	EAX
    60 0000003F E8 [00000000]                   	CALL	_tomo_sysinfo
    61 00000044 6A 1E                           	PUSH	30
    62 00000046 0F B6 95 FFC6FFA6               	MOVZX	EDX,BYTE [-3735642+EBP]
    63 0000004D 53                              	PUSH	EBX
    64 0000004E 89 95 FFC6FF90                  	MOV	DWORD [-3735664+EBP],EDX
    65 00000054 E8 [00000000]                   	CALL	_api_cmdline
    66 00000059 83 C4 0C                        	ADD	ESP,12
    67 0000005C 80 BD FFF6FFD4 20               	CMP	BYTE [-589868+EBP],32
    68 00000063 7E 06                           	JLE	L55
    69 00000065                                 L6:
    70 00000065 47                              	INC	EDI
    71 00000066 80 3F 20                        	CMP	BYTE [EDI],32
    72 00000069 7F FA                           	JG	L6
    73 0000006B                                 L55:
    74 0000006B 80 3F 20                        	CMP	BYTE [EDI],32
    75 0000006E 0F 84 000003A6                  	JE	L11
    76 00000074                                 L57:
    77 00000074 57                              	PUSH	EDI
    78 00000075 E8 [00000000]                   	CALL	_api_fopen
    79 0000007A 5B                              	POP	EBX
    80 0000007B 89 C6                           	MOV	ESI,EAX
    81 0000007D 85 C0                           	TEST	EAX,EAX
    82 0000007F 75 0B                           	JNE	L12
    83 00000081 68 [00000000]                   	PUSH	LC0
    84 00000086 E8 00000421                     	CALL	_error
    85 0000008B 59                              	POP	ECX
    86 0000008C                                 L12:
    87 0000008C 6A 00                           	PUSH	0
    88 0000008E 56                              	PUSH	ESI
    89 0000008F E8 [00000000]                   	CALL	_api_fsize
    90 00000094 89 C3                           	MOV	EBX,EAX
    91 00000096 58                              	POP	EAX
    92 00000097 5A                              	POP	EDX
    93 00000098 81 FB 00080000                  	CMP	EBX,524288
    94 0000009E 7E 0B                           	JLE	L13
    95 000000A0 68 [00000011]                   	PUSH	LC1
    96 000000A5 E8 00000402                     	CALL	_error
    97 000000AA 58                              	POP	EAX
    98 000000AB                                 L13:
    99 000000AB 56                              	PUSH	ESI
   100 000000AC 8D 8D FFF6FFF4                  	LEA	ECX,DWORD [-589836+EBP]
   101 000000B2 53                              	PUSH	EBX
   102 000000B3 8D BD FFFEFFF4                  	LEA	EDI,DWORD [-65548+EBP]
   103 000000B9 51                              	PUSH	ECX
   104 000000BA E8 [00000000]                   	CALL	_api_fread
   105 000000BF 56                              	PUSH	ESI
   106 000000C0 E8 [00000000]                   	CALL	_api_fclose
   107 000000C5 8D 95 FFF6FFB4                  	LEA	EDX,DWORD [-589900+EBP]
   108 000000CB 8D 85 FFF6FFF4                  	LEA	EAX,DWORD [-589836+EBP]
   109 000000D1 50                              	PUSH	EAX
   110 000000D2 53                              	PUSH	EBX
   111 000000D3 52                              	PUSH	EDX
   112 000000D4 57                              	PUSH	EDI
   113 000000D5 E8 [00000000]                   	CALL	_info_BMP
   114 000000DA 83 C4 20                        	ADD	ESP,32
   115 000000DD 85 C0                           	TEST	EAX,EAX
   116 000000DF 75 48                           	JNE	L14
   117 000000E1 8D 8D FFF6FFF4                  	LEA	ECX,DWORD [-589836+EBP]
   118 000000E7 8D 85 FFF6FFB4                  	LEA	EAX,DWORD [-589900+EBP]
   119 000000ED 51                              	PUSH	ECX
   120 000000EE 53                              	PUSH	EBX
   121 000000EF 50                              	PUSH	EAX
   122 000000F0 57                              	PUSH	EDI
   123 000000F1 E8 [00000000]                   	CALL	_info_JPEG
   124 000000F6 83 C4 10                        	ADD	ESP,16
   125 000000F9 85 C0                           	TEST	EAX,EAX
   126 000000FB 75 2C                           	JNE	L14
   127 000000FD 8D 95 FFF6FFF4                  	LEA	EDX,DWORD [-589836+EBP]
   128 00000103 8D 8D FFF6FFB4                  	LEA	ECX,DWORD [-589900+EBP]
   129 00000109 52                              	PUSH	EDX
   130 0000010A 53                              	PUSH	EBX
   131 0000010B 51                              	PUSH	ECX
   132 0000010C 57                              	PUSH	EDI
   133 0000010D E8 [00000000]                   	CALL	_info_ICO
   134 00000112 83 C4 10                        	ADD	ESP,16
   135 00000115 85 C0                           	TEST	EAX,EAX
   136 00000117 75 10                           	JNE	L14
   137 00000119 68 [00000022]                   	PUSH	LC2
   138 0000011E E8 [00000000]                   	CALL	_api_putstr0
   139 00000123 E8 [00000000]                   	CALL	_api_end
   140 00000128 5F                              	POP	EDI
   141 00000129                                 L14:
   142 00000129 0F B7 85 FFC6FFA8               	MOVZX	EAX,WORD [-3735640+EBP]
   143 00000130 39 85 FFF6FFBC                  	CMP	DWORD [-589892+EBP],EAX
   144 00000136 7F 0F                           	JG	L18
   145 00000138 0F B7 85 FFC6FFAA               	MOVZX	EAX,WORD [-3735638+EBP]
   146 0000013F 39 85 FFF6FFC0                  	CMP	DWORD [-589888+EBP],EAX
   147 00000145 7E 0B                           	JLE	L17
   148 00000147                                 L18:
   149 00000147 68 [00000036]                   	PUSH	LC3
   150 0000014C E8 0000035B                     	CALL	_error
   151 00000151 59                              	POP	ECX
   152 00000152                                 L17:
   153 00000152 8B 85 FFF6FFBC                  	MOV	EAX,DWORD [-589892+EBP]
   154 00000158 83 C0 10                        	ADD	EAX,16
   155 0000015B 89 85 FFC6FF98                  	MOV	DWORD [-3735656+EBP],EAX
   156 00000161 3D 00000087                     	CMP	EAX,135
   157 00000166 7F 0A                           	JG	L19
   158 00000168 C7 85 FFC6FF98 00000088         	MOV	DWORD [-3735656+EBP],136
   159 00000172                                 L19:
   160 00000172 68 [0000004A]                   	PUSH	LC4
   161 00000177 8B 85 FFF6FFC0                  	MOV	EAX,DWORD [-589888+EBP]
   162 0000017D 6A FF                           	PUSH	-1
   163 0000017F 83 C0 25                        	ADD	EAX,37
   164 00000182 50                              	PUSH	EAX
   165 00000183 FF B5 FFC6FF98                  	PUSH	DWORD [-3735656+EBP]
   166 00000189 FF B5 FFC6FFA0                  	PUSH	DWORD [-3735648+EBP]
   167 0000018F E8 [00000000]                   	CALL	_api_openwin
   168 00000194 83 C4 14                        	ADD	ESP,20
   169 00000197 89 85 FFC6FF9C                  	MOV	DWORD [-3735652+EBP],EAX
   170 0000019D 8B 85 FFF6FFB4                  	MOV	EAX,DWORD [-589900+EBP]
   171 000001A3 83 F8 01                        	CMP	EAX,1
   172 000001A6 0F 84 0000024D                  	JE	L65
   173 000001AC 83 F8 02                        	CMP	EAX,2
   174 000001AF 0F 84 00000223                  	JE	L66
   175 000001B5 83 F8 04                        	CMP	EAX,4
   176 000001B8 0F 84 000001F1                  	JE	L67
   177 000001BE                                 L21:
   178 000001BE 85 F6                           	TEST	ESI,ESI
   179 000001C0 74 0B                           	JE	L25
   180 000001C2 68 [00000050]                   	PUSH	LC5
   181 000001C7 E8 000002E0                     	CALL	_error
   182 000001CC 5A                              	POP	EDX
   183 000001CD                                 L25:
   184 000001CD 83 BD FFC6FF90 08               	CMP	DWORD [-3735664+EBP],8
   185 000001D4 0F 84 00000137                  	JE	L68
   186 000001DA 83 BD FFC6FF90 10               	CMP	DWORD [-3735664+EBP],16
   187 000001E1 74 59                           	JE	L69
   188 000001E3                                 L37:
   189 000001E3 8B 95 FFF6FFBC                  	MOV	EDX,DWORD [-589892+EBP]
   190 000001E9 8B 85 FFF6FFC0                  	MOV	EAX,DWORD [-589888+EBP]
   191 000001EF 29 95 FFC6FF98                  	SUB	DWORD [-3735656+EBP],EDX
   192 000001F5 83 C0 1D                        	ADD	EAX,29
   193 000001F8 50                              	PUSH	EAX
   194 000001F9 B9 00000002                     	MOV	ECX,2
   195 000001FE 8B 85 FFC6FF98                  	MOV	EAX,DWORD [-3735656+EBP]
   196 00000204 99                              	CDQ
   197 00000205 F7 F9                           	IDIV	ECX
   198 00000207 8B 95 FFF6FFBC                  	MOV	EDX,DWORD [-589892+EBP]
   199 0000020D 01 C2                           	ADD	EDX,EAX
   200 0000020F 52                              	PUSH	EDX
   201 00000210 6A 1D                           	PUSH	29
   202 00000212 50                              	PUSH	EAX
   203 00000213 FF B5 FFC6FF9C                  	PUSH	DWORD [-3735652+EBP]
   204 00000219 E8 [00000000]                   	CALL	_api_refreshwin
   205 0000021E 83 C4 14                        	ADD	ESP,20
   206 00000221                                 L49:
   207 00000221 6A 01                           	PUSH	1
   208 00000223 E8 [00000000]                   	CALL	_api_getkey
   209 00000228 89 C6                           	MOV	ESI,EAX
   210 0000022A 58                              	POP	EAX
   211 0000022B 83 FE 51                        	CMP	ESI,81
   212 0000022E 74 05                           	JE	L53
   213 00000230 83 FE 71                        	CMP	ESI,113
   214 00000233 75 EC                           	JNE	L49
   215 00000235                                 L53:
   216 00000235 E8 [00000000]                   	CALL	_api_end
   217 0000023A EB E5                           	JMP	L49
   218 0000023C                                 L69:
   219 0000023C 8B 9D FFF6FFC0                  	MOV	EBX,DWORD [-589888+EBP]
   220 00000242 31 F6                           	XOR	ESI,ESI
   221 00000244 89 9D FFC6FF74                  	MOV	DWORD [-3735692+EBP],EBX
   222 0000024A 39 DE                           	CMP	ESI,EBX
   223 0000024C 7D 95                           	JGE	L37
   224 0000024E 6B 85 FFC6FF98 3A               	IMUL	EAX,DWORD [-3735656+EBP],58
   225 00000255 89 85 FFC6FF70                  	MOV	DWORD [-3735696+EBP],EAX
   226 0000025B                                 L48:
   227 0000025B 8B BD FFF6FFBC                  	MOV	EDI,DWORD [-589892+EBP]
   228 00000261 8B 85 FFC6FF98                  	MOV	EAX,DWORD [-3735656+EBP]
   229 00000267 29 F8                           	SUB	EAX,EDI
   230 00000269 B9 00000002                     	MOV	ECX,2
   231 0000026E 99                              	CDQ
   232 0000026F F7 F9                           	IDIV	ECX
   233 00000271 8B 9D FFC6FF70                  	MOV	EBX,DWORD [-3735696+EBP]
   234 00000277 8D 04 43                        	LEA	EAX,DWORD [EBX+EAX*2]
   235 0000027A 31 DB                           	XOR	EBX,EBX
   236 0000027C 03 85 FFC6FFA0                  	ADD	EAX,DWORD [-3735648+EBP]
   237 00000282 39 FB                           	CMP	EBX,EDI
   238 00000284 89 85 FFC6FF8C                  	MOV	DWORD [-3735668+EBP],EAX
   239 0000028A 7D 5E                           	JGE	L63
   240 0000028C                                 L47:
   241 0000028C 89 F1                           	MOV	ECX,ESI
   242 0000028E 8B 95 FFC6FF8C                  	MOV	EDX,DWORD [-3735668+EBP]
   243 00000294 0F AF CF                        	IMUL	ECX,EDI
   244 00000297 01 D9                           	ADD	ECX,EBX
   245 00000299 0F B6 84 8D FFC6FFB6            	MOVZX	EAX,BYTE [-3735626+EBP+ECX*4]
   246 000002A1 C1 E0 08                        	SAL	EAX,8
   247 000002A4 66 25 F800                      	AND	AX,-2048
   248 000002A8 66 89 85 FFC6FF7E               	MOV	WORD [-3735682+EBP],AX
   249 000002AF 0F B6 84 8D FFC6FFB5            	MOVZX	EAX,BYTE [-3735627+EBP+ECX*4]
   250 000002B7 C1 E0 03                        	SAL	EAX,3
   251 000002BA 66 25 07E0                      	AND	AX,2016
   252 000002BE 66 09 85 FFC6FF7E               	OR	WORD [-3735682+EBP],AX
   253 000002C5 8A 84 8D FFC6FFB4               	MOV	AL,BYTE [-3735628+EBP+ECX*4]
   254 000002CC C0 E8 03                        	SHR	AL,3
   255 000002CF 66 0F B6 C0                     	MOVZX	AX,AL
   256 000002D3 66 09 85 FFC6FF7E               	OR	WORD [-3735682+EBP],AX
   257 000002DA 66 8B 8D FFC6FF7E               	MOV	CX,WORD [-3735682+EBP]
   258 000002E1 66 89 0C 5A                     	MOV	WORD [EDX+EBX*2],CX
   259 000002E5 43                              	INC	EBX
   260 000002E6 39 FB                           	CMP	EBX,EDI
   261 000002E8 7C A2                           	JL	L47
   262 000002EA                                 L63:
   263 000002EA 8B 85 FFC6FF70                  	MOV	EAX,DWORD [-3735696+EBP]
   264 000002F0 8B 9D FFC6FF98                  	MOV	EBX,DWORD [-3735656+EBP]
   265 000002F6 46                              	INC	ESI
   266 000002F7 8D 04 58                        	LEA	EAX,DWORD [EAX+EBX*2]
   267 000002FA 3B B5 FFC6FF74                  	CMP	ESI,DWORD [-3735692+EBP]
   268 00000300 89 85 FFC6FF70                  	MOV	DWORD [-3735696+EBP],EAX
   269 00000306 0F 8C FFFFFF4F                  	JL	L48
   270 0000030C E9 FFFFFED2                     	JMP	L37
   271 00000311                                 L68:
   272 00000311 31 F6                           	XOR	ESI,ESI
   273 00000313 3B B5 FFF6FFC0                  	CMP	ESI,DWORD [-589888+EBP]
   274 00000319 0F 8D FFFFFEC4                  	JGE	L37
   275 0000031F 6B 85 FFC6FF98 1D               	IMUL	EAX,DWORD [-3735656+EBP],29
   276 00000326 03 85 FFC6FFA0                  	ADD	EAX,DWORD [-3735648+EBP]
   277 0000032C 89 85 FFC6FF6C                  	MOV	DWORD [-3735700+EBP],EAX
   278 00000332                                 L36:
   279 00000332 8B 8D FFF6FFBC                  	MOV	ECX,DWORD [-589892+EBP]
   280 00000338 8B 85 FFC6FF98                  	MOV	EAX,DWORD [-3735656+EBP]
   281 0000033E 29 C8                           	SUB	EAX,ECX
   282 00000340 BB 00000002                     	MOV	EBX,2
   283 00000345 99                              	CDQ
   284 00000346 F7 FB                           	IDIV	EBX
   285 00000348 8B BD FFC6FF6C                  	MOV	EDI,DWORD [-3735700+EBP]
   286 0000034E 31 DB                           	XOR	EBX,EBX
   287 00000350 01 C7                           	ADD	EDI,EAX
   288 00000352 89 F0                           	MOV	EAX,ESI
   289 00000354 0F AF C1                        	IMUL	EAX,ECX
   290 00000357 39 CB                           	CMP	EBX,ECX
   291 00000359 8D 84 85 FFC6FFB4               	LEA	EAX,DWORD [-3735628+EBP+EAX*4]
   292 00000360 89 85 FFC6FF94                  	MOV	DWORD [-3735660+EBP],EAX
   293 00000366 7D 2D                           	JGE	L60
   294 00000368                                 L35:
   295 00000368 56                              	PUSH	ESI
   296 00000369 8B 95 FFC6FF94                  	MOV	EDX,DWORD [-3735660+EBP]
   297 0000036F 53                              	PUSH	EBX
   298 00000370 0F B6 04 9A                     	MOVZX	EAX,BYTE [EDX+EBX*4]
   299 00000374 50                              	PUSH	EAX
   300 00000375 0F B6 44 9A 01                  	MOVZX	EAX,BYTE [1+EDX+EBX*4]
   301 0000037A 50                              	PUSH	EAX
   302 0000037B 0F B6 44 9A 02                  	MOVZX	EAX,BYTE [2+EDX+EBX*4]
   303 00000380 50                              	PUSH	EAX
   304 00000381 E8 0000009F                     	CALL	_rgb2pal
   305 00000386 83 C4 14                        	ADD	ESP,20
   306 00000389 88 04 3B                        	MOV	BYTE [EBX+EDI*1],AL
   307 0000038C 43                              	INC	EBX
   308 0000038D 3B 9D FFF6FFBC                  	CMP	EBX,DWORD [-589892+EBP]
   309 00000393 7C D3                           	JL	L35
   310 00000395                                 L60:
   311 00000395 8B 8D FFC6FF98                  	MOV	ECX,DWORD [-3735656+EBP]
   312 0000039B 46                              	INC	ESI
   313 0000039C 01 8D FFC6FF6C                  	ADD	DWORD [-3735700+EBP],ECX
   314 000003A2 3B B5 FFF6FFC0                  	CMP	ESI,DWORD [-589888+EBP]
   315 000003A8 7C 88                           	JL	L36
   316 000003AA E9 FFFFFE34                     	JMP	L37
   317 000003AF                                 L67:
   318 000003AF 6A 00                           	PUSH	0
   319 000003B1 8D 85 FFC6FFB4                  	LEA	EAX,DWORD [-3735628+EBP]
   320 000003B7 50                              	PUSH	EAX
   321 000003B8 8D 85 FFF6FFF4                  	LEA	EAX,DWORD [-589836+EBP]
   322 000003BE 6A 04                           	PUSH	4
   323 000003C0 50                              	PUSH	EAX
   324 000003C1 8D 85 FFFEFFF4                  	LEA	EAX,DWORD [-65548+EBP]
   325 000003C7 53                              	PUSH	EBX
   326 000003C8 50                              	PUSH	EAX
   327 000003C9 E8 [00000000]                   	CALL	_decode0_ICO
   328 000003CE                                 L64:
   329 000003CE 89 C6                           	MOV	ESI,EAX
   330 000003D0 83 C4 18                        	ADD	ESP,24
   331 000003D3 E9 FFFFFDE6                     	JMP	L21
   332 000003D8                                 L66:
   333 000003D8 6A 00                           	PUSH	0
   334 000003DA 8D 85 FFC6FFB4                  	LEA	EAX,DWORD [-3735628+EBP]
   335 000003E0 50                              	PUSH	EAX
   336 000003E1 8D 85 FFF6FFF4                  	LEA	EAX,DWORD [-589836+EBP]
   337 000003E7 6A 04                           	PUSH	4
   338 000003E9 50                              	PUSH	EAX
   339 000003EA 8D 85 FFFEFFF4                  	LEA	EAX,DWORD [-65548+EBP]
   340 000003F0 53                              	PUSH	EBX
   341 000003F1 50                              	PUSH	EAX
   342 000003F2 E8 [00000000]                   	CALL	_decode0_JPEG
   343 000003F7 EB D5                           	JMP	L64
   344 000003F9                                 L65:
   345 000003F9 6A 00                           	PUSH	0
   346 000003FB 8D 85 FFC6FFB4                  	LEA	EAX,DWORD [-3735628+EBP]
   347 00000401 50                              	PUSH	EAX
   348 00000402 8D 85 FFF6FFF4                  	LEA	EAX,DWORD [-589836+EBP]
   349 00000408 6A 04                           	PUSH	4
   350 0000040A 50                              	PUSH	EAX
   351 0000040B 8D 85 FFFEFFF4                  	LEA	EAX,DWORD [-65548+EBP]
   352 00000411 53                              	PUSH	EBX
   353 00000412 50                              	PUSH	EAX
   354 00000413 E8 [00000000]                   	CALL	_decode0_BMP
   355 00000418 EB B4                           	JMP	L64
   356 0000041A                                 L11:
   357 0000041A 47                              	INC	EDI
   358 0000041B 80 3F 20                        	CMP	BYTE [EDI],32
   359 0000041E 74 FA                           	JE	L11
   360 00000420 E9 FFFFFC4F                     	JMP	L57
   361                                          [SECTION .data]
   362 0000005F 00                              	ALIGNB	4
   363 00000060                                 _table.0:
   364 00000060 00000003                        	DD	3
   365 00000064 00000001                        	DD	1
   366 00000068 00000000                        	DD	0
   367 0000006C 00000002                        	DD	2
   368                                          [SECTION .text]
   369 00000425                                 	GLOBAL	_rgb2pal
   370 00000425                                 _rgb2pal:
   371 00000425 55                              	PUSH	EBP
   372 00000426 89 E5                           	MOV	EBP,ESP
   373 00000428 57                              	PUSH	EDI
   374 00000429 56                              	PUSH	ESI
   375 0000042A BF 00000100                     	MOV	EDI,256
   376 0000042F 53                              	PUSH	EBX
   377 00000430 BE 00000100                     	MOV	ESI,256
   378 00000435 83 EC 14                        	SUB	ESP,20
   379 00000438 6B 4D 08 15                     	IMUL	ECX,DWORD [8+EBP],21
   380 0000043C 8B 55 14                        	MOV	EDX,DWORD [20+EBP]
   381 0000043F 8B 45 18                        	MOV	EAX,DWORD [24+EBP]
   382 00000442 83 E2 01                        	AND	EDX,1
   383 00000445 83 E0 01                        	AND	EAX,1
   384 00000448 8D 04 42                        	LEA	EAX,DWORD [EDX+EAX*2]
   385 0000044B 8B 1C 85 [00000060]             	MOV	EBX,DWORD [_table.0+EAX*4]
   386 00000452 89 C8                           	MOV	EAX,ECX
   387 00000454 99                              	CDQ
   388 00000455 F7 FE                           	IDIV	ESI
   389 00000457 6B 75 0C 15                     	IMUL	ESI,DWORD [12+EBP],21
   390 0000045B 89 C1                           	MOV	ECX,EAX
   391 0000045D 89 F0                           	MOV	EAX,ESI
   392 0000045F 99                              	CDQ
   393 00000460 F7 FF                           	IDIV	EDI
   394 00000462 6B 75 10 15                     	IMUL	ESI,DWORD [16+EBP],21
   395 00000466 89 45 E0                        	MOV	DWORD [-32+EBP],EAX
   396 00000469 01 D9                           	ADD	ECX,EBX
   397 0000046B 89 F0                           	MOV	EAX,ESI
   398 0000046D 99                              	CDQ
   399 0000046E F7 FF                           	IDIV	EDI
   400 00000470 89 C6                           	MOV	ESI,EAX
   401 00000472 BF 00000004                     	MOV	EDI,4
   402 00000477 89 C8                           	MOV	EAX,ECX
   403 00000479 99                              	CDQ
   404 0000047A F7 FF                           	IDIV	EDI
   405 0000047C 89 C1                           	MOV	ECX,EAX
   406 0000047E 8B 45 E0                        	MOV	EAX,DWORD [-32+EBP]
   407 00000481 01 D8                           	ADD	EAX,EBX
   408 00000483 8D 1C 33                        	LEA	EBX,DWORD [EBX+ESI*1]
   409 00000486 99                              	CDQ
   410 00000487 F7 FF                           	IDIV	EDI
   411 00000489 89 45 E0                        	MOV	DWORD [-32+EBP],EAX
   412 0000048C 89 D8                           	MOV	EAX,EBX
   413 0000048E 99                              	CDQ
   414 0000048F F7 FF                           	IDIV	EDI
   415 00000491 89 C3                           	MOV	EBX,EAX
   416 00000493 6B 45 E0 06                     	IMUL	EAX,DWORD [-32+EBP],6
   417 00000497 6B D3 24                        	IMUL	EDX,EBX,36
   418 0000049A 83 C4 14                        	ADD	ESP,20
   419 0000049D 8D 04 08                        	LEA	EAX,DWORD [EAX+ECX*1]
   420 000004A0 5B                              	POP	EBX
   421 000004A1 5E                              	POP	ESI
   422 000004A2 8D 44 02 10                     	LEA	EAX,DWORD [16+EDX+EAX*1]
   423 000004A6 5F                              	POP	EDI
   424 000004A7 0F B6 C0                        	MOVZX	EAX,AL
   425 000004AA 5D                              	POP	EBP
   426 000004AB C3                              	RET
   427 000004AC                                 	GLOBAL	_error
   428 000004AC                                 _error:
   429 000004AC 55                              	PUSH	EBP
   430 000004AD 89 E5                           	MOV	EBP,ESP
   431 000004AF FF 75 08                        	PUSH	DWORD [8+EBP]
   432 000004B2 E8 [00000000]                   	CALL	_api_putstr0
   433 000004B7 58                              	POP	EAX
   434 000004B8 C9                              	LEAVE
   435 000004B9 E9 [00000000]                   	JMP	_api_end
