     1 00000000                                 [FORMAT "WCOFF"]
     2 00000000                                 [INSTRSET "i486p"]
     3 00000000                                 [OPTIMIZE 1]
     4 00000000                                 [OPTION 1]
     5 00000000                                 [BITS 32]
     6 00000000                                 	EXTERN	__alloca
     7 00000000                                 	EXTERN	_osak_getbuflen
     8 00000000                                 	EXTERN	_api_cmdline
     9 00000000                                 	EXTERN	_api_openwin
    10 00000000                                 	EXTERN	_api_putstrwin
    11 00000000                                 	EXTERN	_api_boxfilwin
    12 00000000                                 	EXTERN	_api_fopen
    13 00000000                                 	EXTERN	_api_fsize
    14 00000000                                 	EXTERN	_api_fread
    15 00000000                                 	EXTERN	_api_fclose
    16 00000000                                 	EXTERN	_api_alloctimer
    17 00000000                                 	EXTERN	_api_inittimer
    18 00000000                                 	EXTERN	_api_refreshwin
    19 00000000                                 	EXTERN	_strtol
    20 00000000                                 	EXTERN	_tonetable.0
    21 00000000                                 	EXTERN	_api_beep
    22 00000000                                 	EXTERN	_notetable.1
    23 00000000                                 	EXTERN	_api_settimer
    24 00000000                                 	EXTERN	_api_getkey
    25 00000000                                 	EXTERN	_api_end
    26 00000000                                 	EXTERN	_api_putstr0
    27 00000000                                 [FILE "mmlplay.c"]
    28                                          [SECTION .data]
    29 00000000                                 _tonetable.0:
    30 00000000 3FDF990B                        	DD	1071618315
    31 00000004 43ABEA18                        	DD	1135340056
    32 00000008 47B20C49                        	DD	1202850889
    33 0000000C 4BF56FBD                        	DD	1274376125
    34 00000010 5079B8E9                        	DD	1350154473
    35 00000014 5542C3B4                        	DD	1430438836
    36 00000018 5A54A6C3                        	DD	1515497155
    37 0000001C 5FB3B6FA                        	DD	1605613306
    38 00000020 65648B29                        	DD	1701088041
    39 00000024 6B6C0000                        	DD	1802240000
    40 00000028 71CF3C2F                        	DD	1909406767
    41 0000002C 7893B4D2                        	DD	2022946002
    42 00000030                                 	ALIGNB	4
    43 00000030                                 _notetable.1:
    44 00000030 00000009                        	DD	9
    45 00000034 0000000B                        	DD	11
    46 00000038 00000000                        	DD	0
    47 0000003C 00000002                        	DD	2
    48 00000040 00000004                        	DD	4
    49 00000044 00000005                        	DD	5
    50 00000048 00000007                        	DD	7
    51 0000004C                                 LC0:
    52 0000004C 66 69 6C 65 20 6F 70 65 6E 20   	DB	"file open error.",0x0A,0x00
       00000056 65 72 72 6F 72 2E 0A 00 
    53 0000005E                                 LC1:
    54 0000005E 6D 6D 6C 70 6C 61 79 00         	DB	"mmlplay",0x00
    55 00000066                                 LC3:
    56 00000066 6D 6D 6C 20 73 79 6E 74 61 78   	DB	"mml syntax error.",0x0A,0x00
       00000070 20 65 72 72 6F 72 2E 0A 00 
    57 00000079                                 LC2:
    58 00000079 6B 61 72 61 6F 6B 65 20 74 6F   	DB	"karaoke too long.",0x0A,0x00
       00000083 6F 20 6C 6F 6E 67 2E 0A 00 
    59                                          [SECTION .text]
    60 00000000                                 	GLOBAL	_HariMain
    61 00000000                                 _HariMain:
    62 00000000 55                              	PUSH	EBP
    63 00000001 B8 00019048                     	MOV	EAX,102472
    64 00000006 89 E5                           	MOV	EBP,ESP
    65 00000008 57                              	PUSH	EDI
    66 00000009 56                              	PUSH	ESI
    67 0000000A 53                              	PUSH	EBX
    68 0000000B 8D 9D FFFE6FD4                  	LEA	EBX,DWORD [-102444+EBP]
    69 00000011 E8 [00000000]                   	CALL	__alloca
    70 00000016 E8 [00000000]                   	CALL	_osak_getbuflen
    71 0000001B 69 C0 00007000                  	IMUL	EAX,EAX,28672
    72 00000021 83 C0 10                        	ADD	EAX,16
    73 00000024 E8 [00000000]                   	CALL	__alloca
    74 00000029 C7 85 FFFE6FC0 00000078         	MOV	DWORD [-102464+EBP],120
    75 00000033 8D 44 24 0F                     	LEA	EAX,DWORD [15+ESP]
    76 00000037 6A 1E                           	PUSH	30
    77 00000039 83 E0 F0                        	AND	EAX,-16
    78 0000003C 53                              	PUSH	EBX
    79 0000003D 89 85 FFFE6FCC                  	MOV	DWORD [-102452+EBP],EAX
    80 00000043 C7 85 FFFE6FBC 00000030         	MOV	DWORD [-102468+EBP],48
    81 0000004D C7 85 FFFE6FB8 00000004         	MOV	DWORD [-102472+EBP],4
    82 00000057 C7 85 FFFE6FB4 00000007         	MOV	DWORD [-102476+EBP],7
    83 00000061 C7 85 FFFE6FB0 00000000         	MOV	DWORD [-102480+EBP],0
    84 0000006B E8 [00000000]                   	CALL	_api_cmdline
    85 00000070 89 D9                           	MOV	ECX,EBX
    86 00000072 58                              	POP	EAX
    87 00000073 89 9D FFFE6FD0                  	MOV	DWORD [-102448+EBP],EBX
    88 00000079 5A                              	POP	EDX
    89 0000007A 80 BD FFFE6FD4 20               	CMP	BYTE [-102444+EBP],32
    90 00000081 7E 19                           	JLE	L118
    91 00000083 8D 95 FFFE6FD5                  	LEA	EDX,DWORD [-102443+EBP]
    92 00000089                                 L6:
    93 00000089 89 D0                           	MOV	EAX,EDX
    94 0000008B 89 95 FFFE6FD0                  	MOV	DWORD [-102448+EBP],EDX
    95 00000091 8D 51 02                        	LEA	EDX,DWORD [2+ECX]
    96 00000094 89 C1                           	MOV	ECX,EAX
    97 00000096 80 7A FF 20                     	CMP	BYTE [-1+EDX],32
    98 0000009A 7F ED                           	JG	L6
    99 0000009C                                 L118:
   100 0000009C 8B 8D FFFE6FD0                  	MOV	ECX,DWORD [-102448+EBP]
   101 000000A2 80 39 20                        	CMP	BYTE [ECX],32
   102 000000A5 0F 84 00000788                  	JE	L139
   103 000000AB                                 L120:
   104 000000AB FC                              	CLD
   105 000000AC 83 C9 FF                        	OR	ECX,-1
   106 000000AF 31 C0                           	XOR	EAX,EAX
   107 000000B1 8B BD FFFE6FD0                  	MOV	EDI,DWORD [-102448+EBP]
   108 000000B7 F2                              	REPNE
   109 000000B8 AE                              	SCASB
   110 000000B9 F7 D1                           	NOT	ECX
   111 000000BB 8D 71 FF                        	LEA	ESI,DWORD [-1+ECX]
   112 000000BE 83 FE 0C                        	CMP	ESI,12
   113 000000C1 7E 0B                           	JLE	L12
   114 000000C3                                 L13:
   115 000000C3 68 [0000004C]                   	PUSH	LC0
   116 000000C8 E8 000007BF                     	CALL	_end
   117 000000CD 5F                              	POP	EDI
   118 000000CE                                 L12:
   119 000000CE 85 F6                           	TEST	ESI,ESI
   120 000000D0 75 08                           	JNE	L14
   121 000000D2 6A 00                           	PUSH	0
   122 000000D4 E8 000007B3                     	CALL	_end
   123 000000D9 5B                              	POP	EBX
   124 000000DA                                 L14:
   125 000000DA 68 [0000005E]                   	PUSH	LC1
   126 000000DF 6A FF                           	PUSH	-1
   127 000000E1 6A 70                           	PUSH	112
   128 000000E3 68 00000100                     	PUSH	256
   129 000000E8 FF B5 FFFE6FCC                  	PUSH	DWORD [-102452+EBP]
   130 000000EE E8 [00000000]                   	CALL	_api_openwin
   131 000000F3 FF B5 FFFE6FD0                  	PUSH	DWORD [-102448+EBP]
   132 000000F9 56                              	PUSH	ESI
   133 000000FA 89 85 FFFE6FC8                  	MOV	DWORD [-102456+EBP],EAX
   134 00000100 6A 00                           	PUSH	0
   135 00000102 6A 20                           	PUSH	32
   136 00000104 68 00000080                     	PUSH	128
   137 00000109 50                              	PUSH	EAX
   138 0000010A E8 [00000000]                   	CALL	_api_putstrwin
   139 0000010F 83 C4 2C                        	ADD	ESP,44
   140 00000112 6A 07                           	PUSH	7
   141 00000114 6A 4C                           	PUSH	76
   142 00000116 68 000000F7                     	PUSH	247
   143 0000011B 6A 3C                           	PUSH	60
   144 0000011D 6A 08                           	PUSH	8
   145 0000011F FF B5 FFFE6FC8                  	PUSH	DWORD [-102456+EBP]
   146 00000125 E8 [00000000]                   	CALL	_api_boxfilwin
   147 0000012A 6A 07                           	PUSH	7
   148 0000012C 6A 69                           	PUSH	105
   149 0000012E 68 000000F9                     	PUSH	249
   150 00000133 6A 56                           	PUSH	86
   151 00000135 6A 06                           	PUSH	6
   152 00000137 FF B5 FFFE6FC8                  	PUSH	DWORD [-102456+EBP]
   153 0000013D E8 [00000000]                   	CALL	_api_boxfilwin
   154 00000142 83 C4 30                        	ADD	ESP,48
   155 00000145 FF B5 FFFE6FD0                  	PUSH	DWORD [-102448+EBP]
   156 0000014B E8 [00000000]                   	CALL	_api_fopen
   157 00000150 59                              	POP	ECX
   158 00000151 89 C6                           	MOV	ESI,EAX
   159 00000153 85 C0                           	TEST	EAX,EAX
   160 00000155 0F 84 FFFFFF68                  	JE	L13
   161 0000015B 6A 00                           	PUSH	0
   162 0000015D 50                              	PUSH	EAX
   163 0000015E E8 [00000000]                   	CALL	_api_fsize
   164 00000163 89 C7                           	MOV	EDI,EAX
   165 00000165 58                              	POP	EAX
   166 00000166 5A                              	POP	EDX
   167 00000167 81 FF 00018FFF                  	CMP	EDI,102399
   168 0000016D 7E 05                           	JLE	L16
   169 0000016F BF 00018FFF                     	MOV	EDI,102399
   170 00000174                                 L16:
   171 00000174 56                              	PUSH	ESI
   172 00000175 8D 9D FFFE6FF4                  	LEA	EBX,DWORD [-102412+EBP]
   173 0000017B 57                              	PUSH	EDI
   174 0000017C 53                              	PUSH	EBX
   175 0000017D E8 [00000000]                   	CALL	_api_fread
   176 00000182 56                              	PUSH	ESI
   177 00000183 31 F6                           	XOR	ESI,ESI
   178 00000185 E8 [00000000]                   	CALL	_api_fclose
   179 0000018A C6 84 3D FFFE6FF4 00            	MOV	BYTE [-102412+EBP+EDI*1],0
   180 00000192 83 C4 10                        	ADD	ESP,16
   181 00000195 89 D9                           	MOV	ECX,EBX
   182 00000197 89 9D FFFE6FD0                  	MOV	DWORD [-102448+EBP],EBX
   183 0000019D 80 BD FFFE6FF4 00               	CMP	BYTE [-102412+EBP],0
   184 000001A4 74 40                           	JE	L122
   185 000001A6                                 L40:
   186 000001A6 85 F6                           	TEST	ESI,ESI
   187 000001A8 0F 85 00000614                  	JNE	L21
   188 000001AE 8B 95 FFFE6FD0                  	MOV	EDX,DWORD [-102448+EBP]
   189 000001B4 8A 02                           	MOV	AL,BYTE [EDX]
   190 000001B6 3C 20                           	CMP	AL,32
   191 000001B8 0F 8E 00000604                  	JLE	L21
   192 000001BE 3C 2F                           	CMP	AL,47
   193 000001C0 0F 84 000005BF                  	JE	L140
   194 000001C6 3C 22                           	CMP	AL,34
   195 000001C8 0F 84 000005A9                  	JE	L141
   196 000001CE                                 L133:
   197 000001CE 88 01                           	MOV	BYTE [ECX],AL
   198 000001D0                                 L134:
   199 000001D0 41                              	INC	ECX
   200 000001D1                                 L19:
   201 000001D1 8B 95 FFFE6FD0                  	MOV	EDX,DWORD [-102448+EBP]
   202 000001D7 8D 42 01                        	LEA	EAX,DWORD [1+EDX]
   203 000001DA 89 85 FFFE6FD0                  	MOV	DWORD [-102448+EBP],EAX
   204 000001E0 80 7A 01 00                     	CMP	BYTE [1+EDX],0
   205 000001E4 75 C0                           	JNE	L40
   206 000001E6                                 L122:
   207 000001E6 C6 01 00                        	MOV	BYTE [ECX],0
   208 000001E9 E8 [00000000]                   	CALL	_api_alloctimer
   209 000001EE 68 00000080                     	PUSH	128
   210 000001F3 50                              	PUSH	EAX
   211 000001F4 89 85 FFFE6FC4                  	MOV	DWORD [-102460+EBP],EAX
   212 000001FA E8 [00000000]                   	CALL	_api_inittimer
   213 000001FF 8D 85 FFFE6FF4                  	LEA	EAX,DWORD [-102412+EBP]
   214 00000205 89 85 FFFE6FD0                  	MOV	DWORD [-102448+EBP],EAX
   215 0000020B                                 L136:
   216 0000020B 5E                              	POP	ESI
   217 0000020C 5F                              	POP	EDI
   218 0000020D                                 L41:
   219 0000020D 8B 8D FFFE6FD0                  	MOV	ECX,DWORD [-102448+EBP]
   220 00000213 8A 11                           	MOV	DL,BYTE [ECX]
   221 00000215 8D 42 BF                        	LEA	EAX,DWORD [-65+EDX]
   222 00000218 3C 06                           	CMP	AL,6
   223 0000021A 0F 86 00000509                  	JBE	L45
   224 00000220 80 FA 52                        	CMP	DL,82
   225 00000223 0F 84 00000272                  	JE	L131
   226 00000229 80 FA 3C                        	CMP	DL,60
   227 0000022C 0F 84 00000255                  	JE	L143
   228 00000232 80 FA 3E                        	CMP	DL,62
   229 00000235 0F 84 00000238                  	JE	L144
   230 0000023B 80 FA 4F                        	CMP	DL,79
   231 0000023E 0F 84 00000212                  	JE	L145
   232 00000244 80 FA 51                        	CMP	DL,81
   233 00000247 0F 84 000001EC                  	JE	L146
   234 0000024D 80 FA 4C                        	CMP	DL,76
   235 00000250 0F 84 00000174                  	JE	L147
   236 00000256 8A 01                           	MOV	AL,BYTE [ECX]
   237 00000258 3C 54                           	CMP	AL,84
   238 0000025A 0F 84 0000014A                  	JE	L148
   239 00000260 3C 24                           	CMP	AL,36
   240 00000262 74 1F                           	JE	L149
   241 00000264 84 C0                           	TEST	AL,AL
   242 00000266 75 0E                           	JNE	L80
   243 00000268 8D 85 FFFE6FF4                  	LEA	EAX,DWORD [-102412+EBP]
   244 0000026E 89 85 FFFE6FD0                  	MOV	DWORD [-102448+EBP],EAX
   245 00000274 EB 97                           	JMP	L41
   246 00000276                                 L80:
   247 00000276 68 [00000066]                   	PUSH	LC3
   248 0000027B E8 0000060C                     	CALL	_end
   249 00000280 58                              	POP	EAX
   250 00000281 EB 8A                           	JMP	L41
   251 00000283                                 L149:
   252 00000283 80 79 01 4B                     	CMP	BYTE [1+ECX],75
   253 00000287 74 30                           	JE	L150
   254 00000289                                 L90:
   255 00000289 8B 85 FFFE6FD0                  	MOV	EAX,DWORD [-102448+EBP]
   256 0000028F 80 38 3B                        	CMP	BYTE [EAX],59
   257 00000292 74 1A                           	JE	L130
   258 00000294                                 L113:
   259 00000294 8B 95 FFFE6FD0                  	MOV	EDX,DWORD [-102448+EBP]
   260 0000029A 80 3A 00                        	CMP	BYTE [EDX],0
   261 0000029D 74 D7                           	JE	L80
   262 0000029F 8D 42 01                        	LEA	EAX,DWORD [1+EDX]
   263 000002A2 89 85 FFFE6FD0                  	MOV	DWORD [-102448+EBP],EAX
   264 000002A8 80 7A 01 3B                     	CMP	BYTE [1+EDX],59
   265 000002AC 75 E6                           	JNE	L113
   266 000002AE                                 L130:
   267 000002AE FF 85 FFFE6FD0                  	INC	DWORD [-102448+EBP]
   268 000002B4 E9 FFFFFF54                     	JMP	L41
   269 000002B9                                 L150:
   270 000002B9 8D 41 02                        	LEA	EAX,DWORD [2+ECX]
   271 000002BC 89 85 FFFE6FD0                  	MOV	DWORD [-102448+EBP],EAX
   272 000002C2 80 79 02 22                     	CMP	BYTE [2+ECX],34
   273 000002C6 74 1A                           	JE	L127
   274 000002C8                                 L96:
   275 000002C8 8B 95 FFFE6FD0                  	MOV	EDX,DWORD [-102448+EBP]
   276 000002CE 80 3A 00                        	CMP	BYTE [EDX],0
   277 000002D1 74 A3                           	JE	L80
   278 000002D3 8D 42 01                        	LEA	EAX,DWORD [1+EDX]
   279 000002D6 89 85 FFFE6FD0                  	MOV	DWORD [-102448+EBP],EAX
   280 000002DC 80 7A 01 22                     	CMP	BYTE [1+EDX],34
   281 000002E0 75 E6                           	JNE	L96
   282 000002E2                                 L127:
   283 000002E2 FF 85 FFFE6FD0                  	INC	DWORD [-102448+EBP]
   284 000002E8 31 F6                           	XOR	ESI,ESI
   285 000002EA                                 L105:
   286 000002EA 8B 95 FFFE6FD0                  	MOV	EDX,DWORD [-102448+EBP]
   287 000002F0 8A 02                           	MOV	AL,BYTE [EDX]
   288 000002F2 84 C0                           	TEST	AL,AL
   289 000002F4 0F 84 FFFFFF7C                  	JE	L80
   290 000002FA 3C 22                           	CMP	AL,34
   291 000002FC 74 1B                           	JE	L98
   292 000002FE 3C 25                           	CMP	AL,37
   293 00000300 0F 84 0000008E                  	JE	L151
   294 00000306 88 84 35 FFFE6FD4               	MOV	BYTE [-102444+EBP+ESI*1],AL
   295 0000030D FF 85 FFFE6FD0                  	INC	DWORD [-102448+EBP]
   296 00000313                                 L99:
   297 00000313 46                              	INC	ESI
   298 00000314 83 FE 1F                        	CMP	ESI,31
   299 00000317 7E D1                           	JLE	L105
   300 00000319                                 L98:
   301 00000319 83 FE 1E                        	CMP	ESI,30
   302 0000031C 7E 0B                           	JLE	L106
   303 0000031E 68 [00000079]                   	PUSH	LC2
   304 00000323 E8 00000564                     	CALL	_end
   305 00000328 5A                              	POP	EDX
   306 00000329                                 L106:
   307 00000329 6A 07                           	PUSH	7
   308 0000032B 8B 9D FFFE6FC8                  	MOV	EBX,DWORD [-102456+EBP]
   309 00000331 6A 67                           	PUSH	103
   310 00000333 43                              	INC	EBX
   311 00000334 68 000000F7                     	PUSH	247
   312 00000339 6A 58                           	PUSH	88
   313 0000033B 6A 08                           	PUSH	8
   314 0000033D 53                              	PUSH	EBX
   315 0000033E E8 [00000000]                   	CALL	_api_boxfilwin
   316 00000343 83 C4 18                        	ADD	ESP,24
   317 00000346 C6 84 35 FFFE6FD4 00            	MOV	BYTE [-102444+EBP+ESI*1],0
   318 0000034E 85 F6                           	TEST	ESI,ESI
   319 00000350 74 24                           	JE	L107
   320 00000352 8D 85 FFFE6FD4                  	LEA	EAX,DWORD [-102444+EBP]
   321 00000358 8D 14 B5 00000000               	LEA	EDX,DWORD [0+ESI*4]
   322 0000035F 50                              	PUSH	EAX
   323 00000360 B8 00000080                     	MOV	EAX,128
   324 00000365 56                              	PUSH	ESI
   325 00000366 29 D0                           	SUB	EAX,EDX
   326 00000368 6A 00                           	PUSH	0
   327 0000036A 6A 58                           	PUSH	88
   328 0000036C 50                              	PUSH	EAX
   329 0000036D 53                              	PUSH	EBX
   330 0000036E E8 [00000000]                   	CALL	_api_putstrwin
   331 00000373 83 C4 18                        	ADD	ESP,24
   332 00000376                                 L107:
   333 00000376 6A 68                           	PUSH	104
   334 00000378 68 000000F8                     	PUSH	248
   335 0000037D 6A 58                           	PUSH	88
   336 0000037F 6A 08                           	PUSH	8
   337 00000381 FF B5 FFFE6FC8                  	PUSH	DWORD [-102456+EBP]
   338 00000387 E8 [00000000]                   	CALL	_api_refreshwin
   339 0000038C 83 C4 14                        	ADD	ESP,20
   340 0000038F E9 FFFFFEF5                     	JMP	L90
   341 00000394                                 L151:
   342 00000394 8A 42 01                        	MOV	AL,BYTE [1+EDX]
   343 00000397 88 84 35 FFFE6FD4               	MOV	BYTE [-102444+EBP+ESI*1],AL
   344 0000039E 83 85 FFFE6FD0 02               	ADD	DWORD [-102448+EBP],2
   345 000003A5 E9 FFFFFF69                     	JMP	L99
   346 000003AA                                 L148:
   347 000003AA 6A 0A                           	PUSH	10
   348 000003AC 8D 85 FFFE6FD0                  	LEA	EAX,DWORD [-102448+EBP]
   349 000003B2 50                              	PUSH	EAX
   350 000003B3 8D 41 01                        	LEA	EAX,DWORD [1+ECX]
   351 000003B6 50                              	PUSH	EAX
   352 000003B7 E8 [00000000]                   	CALL	_strtol
   353 000003BC 89 85 FFFE6FC0                  	MOV	DWORD [-102464+EBP],EAX
   354 000003C2                                 L135:
   355 000003C2 83 C4 0C                        	ADD	ESP,12
   356 000003C5 E9 FFFFFE43                     	JMP	L41
   357 000003CA                                 L147:
   358 000003CA 6A 0A                           	PUSH	10
   359 000003CC 8D 85 FFFE6FD0                  	LEA	EAX,DWORD [-102448+EBP]
   360 000003D2 50                              	PUSH	EAX
   361 000003D3 8D 41 01                        	LEA	EAX,DWORD [1+ECX]
   362 000003D6 50                              	PUSH	EAX
   363 000003D7 E8 [00000000]                   	CALL	_strtol
   364 000003DC 83 C4 0C                        	ADD	ESP,12
   365 000003DF 85 C0                           	TEST	EAX,EAX
   366 000003E1 89 85 FFFE6FBC                  	MOV	DWORD [-102468+EBP],EAX
   367 000003E7 0F 84 FFFFFE89                  	JE	L80
   368 000003ED BA 000000C0                     	MOV	EDX,192
   369 000003F2 89 D0                           	MOV	EAX,EDX
   370 000003F4 99                              	CDQ
   371 000003F5 F7 BD FFFE6FBC                  	IDIV	DWORD [-102468+EBP]
   372 000003FB 89 85 FFFE6FBC                  	MOV	DWORD [-102468+EBP],EAX
   373 00000401 8B 85 FFFE6FD0                  	MOV	EAX,DWORD [-102448+EBP]
   374 00000407 80 38 2E                        	CMP	BYTE [EAX],46
   375 0000040A                                 L138:
   376 0000040A 0F 85 FFFFFDFD                  	JNE	L41
   377 00000410 8B 8D FFFE6FD0                  	MOV	ECX,DWORD [-102448+EBP]
   378 00000416 BB 00000002                     	MOV	EBX,2
   379 0000041B 8D 41 01                        	LEA	EAX,DWORD [1+ECX]
   380 0000041E 89 85 FFFE6FD0                  	MOV	DWORD [-102448+EBP],EAX
   381 00000424 8B 85 FFFE6FBC                  	MOV	EAX,DWORD [-102468+EBP]
   382 0000042A 99                              	CDQ
   383 0000042B F7 FB                           	IDIV	EBX
   384 0000042D 01 85 FFFE6FBC                  	ADD	DWORD [-102468+EBP],EAX
   385 00000433 80 79 01 2E                     	CMP	BYTE [1+ECX],46
   386 00000437 EB D1                           	JMP	L138
   387 00000439                                 L146:
   388 00000439 6A 0A                           	PUSH	10
   389 0000043B 8D 85 FFFE6FD0                  	LEA	EAX,DWORD [-102448+EBP]
   390 00000441 50                              	PUSH	EAX
   391 00000442 8D 41 01                        	LEA	EAX,DWORD [1+ECX]
   392 00000445 50                              	PUSH	EAX
   393 00000446 E8 [00000000]                   	CALL	_strtol
   394 0000044B 89 85 FFFE6FB4                  	MOV	DWORD [-102476+EBP],EAX
   395 00000451 E9 FFFFFF6C                     	JMP	L135
   396 00000456                                 L145:
   397 00000456 6A 0A                           	PUSH	10
   398 00000458 8D 85 FFFE6FD0                  	LEA	EAX,DWORD [-102448+EBP]
   399 0000045E 50                              	PUSH	EAX
   400 0000045F 8D 41 01                        	LEA	EAX,DWORD [1+ECX]
   401 00000462 50                              	PUSH	EAX
   402 00000463 E8 [00000000]                   	CALL	_strtol
   403 00000468 89 85 FFFE6FB8                  	MOV	DWORD [-102472+EBP],EAX
   404 0000046E E9 FFFFFF4F                     	JMP	L135
   405 00000473                                 L144:
   406 00000473 8D 41 01                        	LEA	EAX,DWORD [1+ECX]
   407 00000476 FF 85 FFFE6FB8                  	INC	DWORD [-102472+EBP]
   408 0000047C 89 85 FFFE6FD0                  	MOV	DWORD [-102448+EBP],EAX
   409 00000482 E9 FFFFFD86                     	JMP	L41
   410 00000487                                 L143:
   411 00000487 8D 41 01                        	LEA	EAX,DWORD [1+ECX]
   412 0000048A FF 8D FFFE6FB8                  	DEC	DWORD [-102472+EBP]
   413 00000490 89 85 FFFE6FD0                  	MOV	DWORD [-102448+EBP],EAX
   414 00000496 E9 FFFFFD72                     	JMP	L41
   415 0000049B                                 L131:
   416 0000049B 31 F6                           	XOR	ESI,ESI
   417 0000049D C6 85 FFFE6FD4 00               	MOV	BYTE [-102444+EBP],0
   418 000004A4                                 L47:
   419 000004A4 8D 41 01                        	LEA	EAX,DWORD [1+ECX]
   420 000004A7 89 85 FFFE6FD0                  	MOV	DWORD [-102448+EBP],EAX
   421 000004AD 89 C2                           	MOV	EDX,EAX
   422 000004AF 8A 41 01                        	MOV	AL,BYTE [1+ECX]
   423 000004B2 3C 2B                           	CMP	AL,43
   424 000004B4 0F 84 00000250                  	JE	L49
   425 000004BA 3C 2D                           	CMP	AL,45
   426 000004BC 0F 84 00000248                  	JE	L49
   427 000004C2 3C 23                           	CMP	AL,35
   428 000004C4 0F 84 00000240                  	JE	L49
   429 000004CA                                 L48:
   430 000004CA 3B B5 FFFE6FB0                  	CMP	ESI,DWORD [-102480+EBP]
   431 000004D0 0F 84 000000DF                  	JE	L52
   432 000004D6 6A 08                           	PUSH	8
   433 000004D8 8B 9D FFFE6FC8                  	MOV	EBX,DWORD [-102456+EBP]
   434 000004DE 6A 33                           	PUSH	51
   435 000004E0 43                              	INC	EBX
   436 000004E1 6A 3F                           	PUSH	63
   437 000004E3 6A 24                           	PUSH	36
   438 000004E5 6A 20                           	PUSH	32
   439 000004E7 53                              	PUSH	EBX
   440 000004E8 E8 [00000000]                   	CALL	_api_boxfilwin
   441 000004ED 83 C4 18                        	ADD	ESP,24
   442 000004F0 80 BD FFFE6FD4 00               	CMP	BYTE [-102444+EBP],0
   443 000004F7 74 18                           	JE	L53
   444 000004F9 8D 85 FFFE6FD4                  	LEA	EAX,DWORD [-102444+EBP]
   445 000004FF 50                              	PUSH	EAX
   446 00000500 6A 04                           	PUSH	4
   447 00000502 6A 0A                           	PUSH	10
   448 00000504 6A 24                           	PUSH	36
   449 00000506 6A 20                           	PUSH	32
   450 00000508 53                              	PUSH	EBX
   451 00000509 E8 [00000000]                   	CALL	_api_putstrwin
   452 0000050E 83 C4 18                        	ADD	ESP,24
   453 00000511                                 L53:
   454 00000511 6A 34                           	PUSH	52
   455 00000513 6A 40                           	PUSH	64
   456 00000515 6A 24                           	PUSH	36
   457 00000517 6A 20                           	PUSH	32
   458 00000519 FF B5 FFFE6FC8                  	PUSH	DWORD [-102456+EBP]
   459 0000051F E8 [00000000]                   	CALL	_api_refreshwin
   460 00000524 83 C4 14                        	ADD	ESP,20
   461 00000527 8B 85 FFFE6FB0                  	MOV	EAX,DWORD [-102480+EBP]
   462 0000052D 83 E8 1C                        	SUB	EAX,28
   463 00000530 83 F8 4F                        	CMP	EAX,79
   464 00000533 77 23                           	JA	L54
   465 00000535 6B 85 FFFE6FB0 03               	IMUL	EAX,DWORD [-102480+EBP],3
   466 0000053C 6A 07                           	PUSH	7
   467 0000053E 6A 4C                           	PUSH	76
   468 00000540 8D 50 B6                        	LEA	EDX,DWORD [-74+EAX]
   469 00000543 52                              	PUSH	EDX
   470 00000544 83 E8 4C                        	SUB	EAX,76
   471 00000547 6A 3C                           	PUSH	60
   472 00000549 50                              	PUSH	EAX
   473 0000054A FF B5 FFFE6FC8                  	PUSH	DWORD [-102456+EBP]
   474 00000550 E8 [00000000]                   	CALL	_api_boxfilwin
   475 00000555 83 C4 18                        	ADD	ESP,24
   476 00000558                                 L54:
   477 00000558 8D 46 E4                        	LEA	EAX,DWORD [-28+ESI]
   478 0000055B 83 F8 4F                        	CMP	EAX,79
   479 0000055E 77 1F                           	JA	L55
   480 00000560 6B C6 03                        	IMUL	EAX,ESI,3
   481 00000563 6A 04                           	PUSH	4
   482 00000565 6A 4C                           	PUSH	76
   483 00000567 8D 50 B6                        	LEA	EDX,DWORD [-74+EAX]
   484 0000056A 52                              	PUSH	EDX
   485 0000056B 83 E8 4C                        	SUB	EAX,76
   486 0000056E 6A 3C                           	PUSH	60
   487 00000570 50                              	PUSH	EAX
   488 00000571 FF B5 FFFE6FC8                  	PUSH	DWORD [-102456+EBP]
   489 00000577 E8 [00000000]                   	CALL	_api_boxfilwin
   490 0000057C 83 C4 18                        	ADD	ESP,24
   491 0000057F                                 L55:
   492 0000057F 80 BD FFFE6FD4 00               	CMP	BYTE [-102444+EBP],0
   493 00000586 0F 84 00000177                  	JE	L56
   494 0000058C BA 0000000C                     	MOV	EDX,12
   495 00000591 89 F0                           	MOV	EAX,ESI
   496 00000593 89 D1                           	MOV	ECX,EDX
   497 00000595 99                              	CDQ
   498 00000596 F7 F9                           	IDIV	ECX
   499 00000598 B9 00000011                     	MOV	ECX,17
   500 0000059D 29 C1                           	SUB	ECX,EAX
   501 0000059F 8B 04 95 [00000000]             	MOV	EAX,DWORD [_tonetable.0+EDX*4]
   502 000005A6 D3 F8                           	SAR	EAX,CL
   503 000005A8 50                              	PUSH	EAX
   504 000005A9                                 L137:
   505 000005A9 E8 [00000000]                   	CALL	_api_beep
   506 000005AE 89 B5 FFFE6FB0                  	MOV	DWORD [-102480+EBP],ESI
   507 000005B4 5B                              	POP	EBX
   508 000005B5                                 L52:
   509 000005B5 8B 95 FFFE6FD0                  	MOV	EDX,DWORD [-102448+EBP]
   510 000005BB 8A 02                           	MOV	AL,BYTE [EDX]
   511 000005BD 83 E8 30                        	SUB	EAX,48
   512 000005C0 3C 09                           	CMP	AL,9
   513 000005C2 0F 87 00000130                  	JA	L58
   514 000005C8 6A 0A                           	PUSH	10
   515 000005CA 8D 85 FFFE6FD0                  	LEA	EAX,DWORD [-102448+EBP]
   516 000005D0 50                              	PUSH	EAX
   517 000005D1 52                              	PUSH	EDX
   518 000005D2 E8 [00000000]                   	CALL	_strtol
   519 000005D7 83 C4 0C                        	ADD	ESP,12
   520 000005DA BA 000000C0                     	MOV	EDX,192
   521 000005DF 89 C1                           	MOV	ECX,EAX
   522 000005E1 89 D0                           	MOV	EAX,EDX
   523 000005E3 99                              	CDQ
   524 000005E4 F7 F9                           	IDIV	ECX
   525 000005E6 89 C6                           	MOV	ESI,EAX
   526 000005E8                                 L59:
   527 000005E8 8B 85 FFFE6FD0                  	MOV	EAX,DWORD [-102448+EBP]
   528 000005EE 80 38 2E                        	CMP	BYTE [EAX],46
   529 000005F1 0F 84 000000DE                  	JE	L64
   530 000005F7                                 L124:
   531 000005F7 6B F6 7D                        	IMUL	ESI,ESI,125
   532 000005FA 89 F0                           	MOV	EAX,ESI
   533 000005FC 99                              	CDQ
   534 000005FD F7 BD FFFE6FC0                  	IDIV	DWORD [-102464+EBP]
   535 00000603 80 BD FFFE6FD4 00               	CMP	BYTE [-102444+EBP],0
   536 0000060A 89 C3                           	MOV	EBX,EAX
   537 0000060C 89 C6                           	MOV	ESI,EAX
   538 0000060E 0F 84 000000AB                  	JE	L65
   539 00000614 83 BD FFFE6FB4 07               	CMP	DWORD [-102476+EBP],7
   540 0000061B 0F 8F 0000009E                  	JG	L65
   541 00000621 8B 85 FFFE6FD0                  	MOV	EAX,DWORD [-102448+EBP]
   542 00000627 80 38 26                        	CMP	BYTE [EAX],38
   543 0000062A 0F 84 0000008F                  	JE	L65
   544 00000630 0F AF B5 FFFE6FB4               	IMUL	ESI,DWORD [-102476+EBP]
   545 00000637 BA 00000008                     	MOV	EDX,8
   546 0000063C 89 F0                           	MOV	EAX,ESI
   547 0000063E 89 D1                           	MOV	ECX,EDX
   548 00000640 99                              	CDQ
   549 00000641 F7 F9                           	IDIV	ECX
   550 00000643 50                              	PUSH	EAX
   551 00000644 89 C7                           	MOV	EDI,EAX
   552 00000646 FF B5 FFFE6FC4                  	PUSH	DWORD [-102460+EBP]
   553 0000064C E8 000001FD                     	CALL	_waittimer
   554 00000651 6A 08                           	PUSH	8
   555 00000653 6A 33                           	PUSH	51
   556 00000655 6A 3F                           	PUSH	63
   557 00000657 6A 24                           	PUSH	36
   558 00000659 6A 20                           	PUSH	32
   559 0000065B FF B5 FFFE6FC8                  	PUSH	DWORD [-102456+EBP]
   560 00000661 E8 [00000000]                   	CALL	_api_boxfilwin
   561 00000666 83 C4 20                        	ADD	ESP,32
   562 00000669 8B 85 FFFE6FB0                  	MOV	EAX,DWORD [-102480+EBP]
   563 0000066F 83 E8 1C                        	SUB	EAX,28
   564 00000672 83 F8 4F                        	CMP	EAX,79
   565 00000675 77 23                           	JA	L66
   566 00000677 6B 85 FFFE6FB0 03               	IMUL	EAX,DWORD [-102480+EBP],3
   567 0000067E 6A 07                           	PUSH	7
   568 00000680 6A 4C                           	PUSH	76
   569 00000682 8D 50 B6                        	LEA	EDX,DWORD [-74+EAX]
   570 00000685 52                              	PUSH	EDX
   571 00000686 83 E8 4C                        	SUB	EAX,76
   572 00000689 6A 3C                           	PUSH	60
   573 0000068B 50                              	PUSH	EAX
   574 0000068C FF B5 FFFE6FC8                  	PUSH	DWORD [-102456+EBP]
   575 00000692 E8 [00000000]                   	CALL	_api_boxfilwin
   576 00000697 83 C4 18                        	ADD	ESP,24
   577 0000069A                                 L66:
   578 0000069A 6A 00                           	PUSH	0
   579 0000069C C7 85 FFFE6FB0 00000000         	MOV	DWORD [-102480+EBP],0
   580 000006A6 E8 [00000000]                   	CALL	_api_beep
   581 000006AB 59                              	POP	ECX
   582 000006AC                                 L67:
   583 000006AC 29 FB                           	SUB	EBX,EDI
   584 000006AE 53                              	PUSH	EBX
   585 000006AF FF B5 FFFE6FC4                  	PUSH	DWORD [-102460+EBP]
   586 000006B5 E8 00000194                     	CALL	_waittimer
   587 000006BA E9 FFFFFB4C                     	JMP	L136
   588 000006BF                                 L65:
   589 000006BF 8B 85 FFFE6FD0                  	MOV	EAX,DWORD [-102448+EBP]
   590 000006C5 31 FF                           	XOR	EDI,EDI
   591 000006C7 80 38 26                        	CMP	BYTE [EAX],38
   592 000006CA 75 E0                           	JNE	L67
   593 000006CC 40                              	INC	EAX
   594 000006CD 89 85 FFFE6FD0                  	MOV	DWORD [-102448+EBP],EAX
   595 000006D3 EB D7                           	JMP	L67
   596 000006D5                                 L64:
   597 000006D5 8D 78 01                        	LEA	EDI,DWORD [1+EAX]
   598 000006D8 BA 00000002                     	MOV	EDX,2
   599 000006DD 89 F0                           	MOV	EAX,ESI
   600 000006DF 89 D3                           	MOV	EBX,EDX
   601 000006E1 99                              	CDQ
   602 000006E2 F7 FB                           	IDIV	EBX
   603 000006E4 89 BD FFFE6FD0                  	MOV	DWORD [-102448+EBP],EDI
   604 000006EA 01 C6                           	ADD	ESI,EAX
   605 000006EC 89 F8                           	MOV	EAX,EDI
   606 000006EE 80 3F 2E                        	CMP	BYTE [EDI],46
   607 000006F1 74 E2                           	JE	L64
   608 000006F3 E9 FFFFFEFF                     	JMP	L124
   609 000006F8                                 L58:
   610 000006F8 8B B5 FFFE6FBC                  	MOV	ESI,DWORD [-102468+EBP]
   611 000006FE E9 FFFFFEE5                     	JMP	L59
   612 00000703                                 L56:
   613 00000703 6A 00                           	PUSH	0
   614 00000705 E9 FFFFFE9F                     	JMP	L137
   615 0000070A                                 L49:
   616 0000070A 8A 02                           	MOV	AL,BYTE [EDX]
   617 0000070C 88 85 FFFE6FD7                  	MOV	BYTE [-102441+EBP],AL
   618 00000712 80 3A 2D                        	CMP	BYTE [EDX],45
   619 00000715 74 0F                           	JE	L152
   620 00000717 46                              	INC	ESI
   621 00000718                                 L51:
   622 00000718 8D 42 01                        	LEA	EAX,DWORD [1+EDX]
   623 0000071B 89 85 FFFE6FD0                  	MOV	DWORD [-102448+EBP],EAX
   624 00000721 E9 FFFFFDA4                     	JMP	L48
   625 00000726                                 L152:
   626 00000726 4E                              	DEC	ESI
   627 00000727 EB EF                           	JMP	L51
   628 00000729                                 L45:
   629 00000729 80 FA 52                        	CMP	DL,82
   630 0000072C 0F 84 FFFFFD69                  	JE	L131
   631 00000732 6B 85 FFFE6FB8 0C               	IMUL	EAX,DWORD [-102472+EBP],12
   632 00000739 0F BE D2                        	MOVSX	EDX,DL
   633 0000073C C6 85 FFFE6FD4 4F               	MOV	BYTE [-102444+EBP],79
   634 00000743 03 04 95 [FFFFFF2C]             	ADD	EAX,DWORD [_notetable.1-260+EDX*4]
   635 0000074A 8D 70 0C                        	LEA	ESI,DWORD [12+EAX]
   636 0000074D 8A 85 FFFE6FB8                  	MOV	AL,BYTE [-102472+EBP]
   637 00000753 83 C0 30                        	ADD	EAX,48
   638 00000756 88 85 FFFE6FD5                  	MOV	BYTE [-102443+EBP],AL
   639 0000075C 8A 01                           	MOV	AL,BYTE [ECX]
   640 0000075E 88 85 FFFE6FD6                  	MOV	BYTE [-102442+EBP],AL
   641 00000764 C6 85 FFFE6FD7 20               	MOV	BYTE [-102441+EBP],32
   642 0000076B C6 85 FFFE6FD8 00               	MOV	BYTE [-102440+EBP],0
   643 00000772 E9 FFFFFD2D                     	JMP	L47
   644 00000777                                 L141:
   645 00000777 C6 01 22                        	MOV	BYTE [ECX],34
   646 0000077A BE 00000003                     	MOV	ESI,3
   647 0000077F 41                              	INC	ECX
   648 00000780 E9 FFFFFA4C                     	JMP	L19
   649 00000785                                 L140:
   650 00000785 8A 42 01                        	MOV	AL,BYTE [1+EDX]
   651 00000788 3C 2A                           	CMP	AL,42
   652 0000078A 74 2C                           	JE	L153
   653 0000078C 3C 2F                           	CMP	AL,47
   654 0000078E 74 1E                           	JE	L154
   655 00000790 C6 01 2F                        	MOV	BYTE [ECX],47
   656 00000793 8B 85 FFFE6FD0                  	MOV	EAX,DWORD [-102448+EBP]
   657 00000799 8A 00                           	MOV	AL,BYTE [EAX]
   658 0000079B 83 E8 61                        	SUB	EAX,97
   659 0000079E 3C 19                           	CMP	AL,25
   660 000007A0 0F 87 FFFFFA2A                  	JA	L134
   661 000007A6 C6 01 0F                        	MOV	BYTE [ECX],15
   662 000007A9 E9 FFFFFA22                     	JMP	L134
   663 000007AE                                 L154:
   664 000007AE BE 00000002                     	MOV	ESI,2
   665 000007B3 E9 FFFFFA19                     	JMP	L19
   666 000007B8                                 L153:
   667 000007B8 BE 00000001                     	MOV	ESI,1
   668 000007BD E9 FFFFFA0F                     	JMP	L19
   669 000007C2                                 L21:
   670 000007C2 83 FE 01                        	CMP	ESI,1
   671 000007C5 74 52                           	JE	L155
   672 000007C7                                 L32:
   673 000007C7 83 FE 02                        	CMP	ESI,2
   674 000007CA 74 40                           	JE	L156
   675 000007CC                                 L34:
   676 000007CC 83 FE 03                        	CMP	ESI,3
   677 000007CF 0F 85 FFFFF9FC                  	JNE	L19
   678 000007D5 8B 85 FFFE6FD0                  	MOV	EAX,DWORD [-102448+EBP]
   679 000007DB 8A 00                           	MOV	AL,BYTE [EAX]
   680 000007DD 88 01                           	MOV	BYTE [ECX],AL
   681 000007DF 41                              	INC	ECX
   682 000007E0 8B 95 FFFE6FD0                  	MOV	EDX,DWORD [-102448+EBP]
   683 000007E6 8A 02                           	MOV	AL,BYTE [EDX]
   684 000007E8 3C 22                           	CMP	AL,34
   685 000007EA 74 19                           	JE	L132
   686 000007EC 3C 25                           	CMP	AL,37
   687 000007EE 0F 85 FFFFF9DD                  	JNE	L19
   688 000007F4 8D 42 01                        	LEA	EAX,DWORD [1+EDX]
   689 000007F7 89 85 FFFE6FD0                  	MOV	DWORD [-102448+EBP],EAX
   690 000007FD 8A 42 01                        	MOV	AL,BYTE [1+EDX]
   691 00000800 E9 FFFFF9C9                     	JMP	L133
   692 00000805                                 L132:
   693 00000805 31 F6                           	XOR	ESI,ESI
   694 00000807 E9 FFFFF9C5                     	JMP	L19
   695 0000080C                                 L156:
   696 0000080C 8B 85 FFFE6FD0                  	MOV	EAX,DWORD [-102448+EBP]
   697 00000812 80 38 0A                        	CMP	BYTE [EAX],10
   698 00000815 75 B5                           	JNE	L34
   699 00000817 EB EC                           	JMP	L132
   700 00000819                                 L155:
   701 00000819 8B 85 FFFE6FD0                  	MOV	EAX,DWORD [-102448+EBP]
   702 0000081F 80 38 2A                        	CMP	BYTE [EAX],42
   703 00000822 75 A3                           	JNE	L32
   704 00000824 80 78 01 2F                     	CMP	BYTE [1+EAX],47
   705 00000828 75 9D                           	JNE	L32
   706 0000082A 40                              	INC	EAX
   707 0000082B 89 85 FFFE6FD0                  	MOV	DWORD [-102448+EBP],EAX
   708 00000831 EB D2                           	JMP	L132
   709 00000833                                 L139:
   710 00000833 8D 51 01                        	LEA	EDX,DWORD [1+ECX]
   711 00000836                                 L11:
   712 00000836 89 D0                           	MOV	EAX,EDX
   713 00000838 89 95 FFFE6FD0                  	MOV	DWORD [-102448+EBP],EDX
   714 0000083E 8D 51 02                        	LEA	EDX,DWORD [2+ECX]
   715 00000841 89 C1                           	MOV	ECX,EAX
   716 00000843 80 7A FF 20                     	CMP	BYTE [-1+EDX],32
   717 00000847 74 ED                           	JE	L11
   718 00000849 E9 FFFFF85D                     	JMP	L120
   719 0000084E                                 	GLOBAL	_waittimer
   720 0000084E                                 _waittimer:
   721 0000084E 55                              	PUSH	EBP
   722 0000084F 89 E5                           	MOV	EBP,ESP
   723 00000851 53                              	PUSH	EBX
   724 00000852 FF 75 0C                        	PUSH	DWORD [12+EBP]
   725 00000855 FF 75 08                        	PUSH	DWORD [8+EBP]
   726 00000858 E8 [00000000]                   	CALL	_api_settimer
   727 0000085D 58                              	POP	EAX
   728 0000085E 5A                              	POP	EDX
   729 0000085F                                 L158:
   730 0000085F 6A 01                           	PUSH	1
   731 00000861 E8 [00000000]                   	CALL	_api_getkey
   732 00000866 89 C3                           	MOV	EBX,EAX
   733 00000868 58                              	POP	EAX
   734 00000869 83 FB 51                        	CMP	EBX,81
   735 0000086C 74 0F                           	JE	L162
   736 0000086E 83 FB 71                        	CMP	EBX,113
   737 00000871 74 0A                           	JE	L162
   738 00000873                                 L161:
   739 00000873 83 C3 80                        	ADD	EBX,-128
   740 00000876 75 E7                           	JNE	L158
   741 00000878 8B 5D FC                        	MOV	EBX,DWORD [-4+EBP]
   742 0000087B C9                              	LEAVE
   743 0000087C C3                              	RET
   744 0000087D                                 L162:
   745 0000087D 6A 00                           	PUSH	0
   746 0000087F E8 [00000000]                   	CALL	_api_beep
   747 00000884 E8 [00000000]                   	CALL	_api_end
   748 00000889 59                              	POP	ECX
   749 0000088A EB E7                           	JMP	L161
   750 0000088C                                 	GLOBAL	_end
   751 0000088C                                 _end:
   752 0000088C 55                              	PUSH	EBP
   753 0000088D 89 E5                           	MOV	EBP,ESP
   754 0000088F 8B 45 08                        	MOV	EAX,DWORD [8+EBP]
   755 00000892 85 C0                           	TEST	EAX,EAX
   756 00000894 74 07                           	JE	L165
   757 00000896 50                              	PUSH	EAX
   758 00000897 E8 [00000000]                   	CALL	_api_putstr0
   759 0000089C 58                              	POP	EAX
   760 0000089D                                 L165:
   761 0000089D 6A 00                           	PUSH	0
   762 0000089F E8 [00000000]                   	CALL	_api_beep
   763 000008A4 59                              	POP	ECX
   764 000008A5 C9                              	LEAVE
   765 000008A6 E9 [00000000]                   	JMP	_api_end
