     1 00000000                                 [FORMAT "WCOFF"]
     2 00000000                                 [INSTRSET "i486p"]
     3 00000000                                 [OPTIMIZE 1]
     4 00000000                                 [OPTION 1]
     5 00000000                                 [BITS 32]
     6 00000000                                 	EXTERN	_osak_getbuflen
     7 00000000                                 	EXTERN	__alloca
     8 00000000                                 	EXTERN	_api_openwin
     9 00000000                                 	EXTERN	_api_boxfilwin
    10 00000000                                 	EXTERN	_api_getkey
    11 00000000                                 	EXTERN	_sprintf
    12 00000000                                 	EXTERN	_api_putstrwin
    13 00000000                                 [FILE "keyview.c"]
    14                                          [SECTION .data]
    15 00000000                                 LC0:
    16 00000000 4B 65 79 56 69 65 77 00         	DB	"KeyView",0x00
    17 00000008                                 LC1:
    18 00000008 30 78 25 30 32 78 00            	DB	"0x%02x",0x00
    19                                          [SECTION .text]
    20 00000000                                 	GLOBAL	_HariMain
    21 00000000                                 _HariMain:
    22 00000000 55                              	PUSH	EBP
    23 00000001 89 E5                           	MOV	EBP,ESP
    24 00000003 56                              	PUSH	ESI
    25 00000004 53                              	PUSH	EBX
    26 00000005 83 EC 10                        	SUB	ESP,16
    27 00000008 E8 [00000000]                   	CALL	_osak_getbuflen
    28 0000000D 69 C0 00001930                  	IMUL	EAX,EAX,6448
    29 00000013 83 C0 10                        	ADD	EAX,16
    30 00000016 E8 [00000000]                   	CALL	__alloca
    31 0000001B 8D 44 24 0F                     	LEA	EAX,DWORD [15+ESP]
    32 0000001F 68 [00000000]                   	PUSH	LC0
    33 00000024 6A FF                           	PUSH	-1
    34 00000026 83 E0 F0                        	AND	EAX,-16
    35 00000029 6A 34                           	PUSH	52
    36 0000002B 6A 7C                           	PUSH	124
    37 0000002D 50                              	PUSH	EAX
    38 0000002E E8 [00000000]                   	CALL	_api_openwin
    39 00000033 6A 00                           	PUSH	0
    40 00000035 6A 2C                           	PUSH	44
    41 00000037 89 C6                           	MOV	ESI,EAX
    42 00000039 6A 74                           	PUSH	116
    43 0000003B 6A 1C                           	PUSH	28
    44 0000003D 6A 08                           	PUSH	8
    45 0000003F 50                              	PUSH	EAX
    46 00000040 E8 [00000000]                   	CALL	_api_boxfilwin
    47 00000045 83 C4 2C                        	ADD	ESP,44
    48 00000048                                 L2:
    49 00000048 6A 01                           	PUSH	1
    50 0000004A E8 [00000000]                   	CALL	_api_getkey
    51 0000004F 5A                              	POP	EDX
    52 00000050 85 C0                           	TEST	EAX,EAX
    53 00000052 74 F4                           	JE	L2
    54 00000054 50                              	PUSH	EAX
    55 00000055 8D 5D E8                        	LEA	EBX,DWORD [-24+EBP]
    56 00000058 68 [00000008]                   	PUSH	LC1
    57 0000005D 53                              	PUSH	EBX
    58 0000005E E8 [00000000]                   	CALL	_sprintf
    59 00000063 8D 46 01                        	LEA	EAX,DWORD [1+ESI]
    60 00000066 6A 00                           	PUSH	0
    61 00000068 6A 2C                           	PUSH	44
    62 0000006A 6A 30                           	PUSH	48
    63 0000006C 6A 1C                           	PUSH	28
    64 0000006E 6A 08                           	PUSH	8
    65 00000070 50                              	PUSH	EAX
    66 00000071 E8 [00000000]                   	CALL	_api_boxfilwin
    67 00000076 83 C4 24                        	ADD	ESP,36
    68 00000079 53                              	PUSH	EBX
    69 0000007A 6A 0A                           	PUSH	10
    70 0000007C 6A 07                           	PUSH	7
    71 0000007E 6A 1C                           	PUSH	28
    72 00000080 6A 08                           	PUSH	8
    73 00000082 56                              	PUSH	ESI
    74 00000083 E8 [00000000]                   	CALL	_api_putstrwin
    75 00000088 83 C4 18                        	ADD	ESP,24
    76 0000008B EB BB                           	JMP	L2
